nohup: ignoring input
2023-07-20 04:56:21,718 - mmseg - INFO - Environment info:
------------------------------------------------------------
sys.platform: linux
Python: 3.7.16 (default, Jan 17 2023, 22:20:44) [GCC 11.2.0]
CUDA available: True
GPU 0,1,2,3: NVIDIA GeForce RTX 3090
CUDA_HOME: /usr/local/cuda
NVCC: Build cuda_11.7.r11.7/compiler.31442593_0
GCC: gcc (Ubuntu 9.4.0-1ubuntu1~20.04.1) 9.4.0
PyTorch: 1.7.1
PyTorch compiling details: PyTorch built with:
  - GCC 7.3
  - C++ Version: 201402
  - Intel(R) Math Kernel Library Version 2020.0.2 Product Build 20200624 for Intel(R) 64 architecture applications
  - Intel(R) MKL-DNN v1.6.0 (Git Hash 5ef631a030a6f73131c77892041042805a06064f)
  - OpenMP 201511 (a.k.a. OpenMP 4.5)
  - NNPACK is enabled
  - CPU capability usage: AVX2
  - CUDA Runtime 11.0
  - NVCC architecture flags: -gencode;arch=compute_37,code=sm_37;-gencode;arch=compute_50,code=sm_50;-gencode;arch=compute_60,code=sm_60;-gencode;arch=compute_61,code=sm_61;-gencode;arch=compute_70,code=sm_70;-gencode;arch=compute_75,code=sm_75;-gencode;arch=compute_80,code=sm_80;-gencode;arch=compute_37,code=compute_37
  - CuDNN 8.0.5
  - Magma 2.5.2
  - Build settings: BLAS=MKL, BUILD_TYPE=Release, CXX_FLAGS= -Wno-deprecated -fvisibility-inlines-hidden -DUSE_PTHREADPOOL -fopenmp -DNDEBUG -DUSE_FBGEMM -DUSE_QNNPACK -DUSE_PYTORCH_QNNPACK -DUSE_XNNPACK -DUSE_VULKAN_WRAPPER -O2 -fPIC -Wno-narrowing -Wall -Wextra -Werror=return-type -Wno-missing-field-initializers -Wno-type-limits -Wno-array-bounds -Wno-unknown-pragmas -Wno-sign-compare -Wno-unused-parameter -Wno-unused-variable -Wno-unused-function -Wno-unused-result -Wno-unused-local-typedefs -Wno-strict-overflow -Wno-strict-aliasing -Wno-error=deprecated-declarations -Wno-stringop-overflow -Wno-psabi -Wno-error=pedantic -Wno-error=redundant-decls -Wno-error=old-style-cast -fdiagnostics-color=always -faligned-new -Wno-unused-but-set-variable -Wno-maybe-uninitialized -fno-math-errno -fno-trapping-math -Werror=format -Wno-stringop-overflow, PERF_WITH_AVX=1, PERF_WITH_AVX2=1, PERF_WITH_AVX512=1, USE_CUDA=ON, USE_EXCEPTION_PTR=1, USE_GFLAGS=OFF, USE_GLOG=OFF, USE_MKL=ON, USE_MKLDNN=ON, USE_MPI=OFF, USE_NCCL=ON, USE_NNPACK=ON, USE_OPENMP=ON, 

TorchVision: 0.8.2
OpenCV: 4.5.2
MMCV: 1.2.0
MMCV Compiler: GCC 9.4
MMCV CUDA Compiler: 11.7
MMSegmentation: 0.11.0+4bb04c6
------------------------------------------------------------

2023-07-20 04:56:21,719 - mmseg - INFO - Distributed training: True
2023-07-20 04:56:21,860 - mmseg - INFO - Config:
norm_cfg = dict(type='SyncBN', requires_grad=True)
find_unused_parameters = True
model = dict(
    type='EncoderDecoder_clips',
    pretrained='/home/lixinhao/original/mit_b2.pth',
    backbone=dict(type='mit_b2', style='pytorch'),
    decode_head=dict(
        type='SegFormerHead_clips',
        in_channels=[64, 128, 320, 512],
        in_index=[0, 1, 2, 3],
        feature_strides=[4, 8, 16, 32],
        channels=128,
        dropout_ratio=0.1,
        num_classes=124,
        norm_cfg=dict(type='SyncBN', requires_grad=True),
        align_corners=False,
        decoder_params=dict(embed_dim=256),
        loss_decode=dict(
            type='CrossEntropyLoss', use_sigmoid=False, loss_weight=1.0),
        num_infer=4,
        num_clips=4,
        hypercorre=True,
        backbone='b2'),
    train_cfg=dict(),
    test_cfg=dict(mode='whole'))
dataset_type = 'VSPWDataset2'
data_root = 'data/vspw/VSPW_480p'
img_norm_cfg = dict(
    mean=[123.675, 116.28, 103.53], std=[58.395, 57.12, 57.375], to_rgb=True)
crop_size = (480, 480)
train_pipeline = [
    dict(type='LoadImageFromFile'),
    dict(type='LoadAnnotations', reduce_zero_label=True),
    dict(
        type='Resize',
        img_scale=(853, 480),
        ratio_range=(0.5, 2.0),
        process_clips=True),
    dict(type='RandomCrop_clips', crop_size=(480, 480), cat_max_ratio=0.75),
    dict(type='RandomFlip_clips', prob=0.5),
    dict(type='PhotoMetricDistortion_clips'),
    dict(
        type='Normalize_clips',
        mean=[123.675, 116.28, 103.53],
        std=[58.395, 57.12, 57.375],
        to_rgb=True),
    dict(type='Pad_clips', size=(480, 480), pad_val=0, seg_pad_val=255),
    dict(type='DefaultFormatBundle_clips'),
    dict(type='Collect', keys=['img', 'gt_semantic_seg'])
]
test_pipeline = [
    dict(type='LoadImageFromFile'),
    dict(
        type='MultiScaleFlipAug',
        img_scale=(853, 480),
        flip=False,
        transforms=[
            dict(type='AlignedResize_clips', keep_ratio=True, size_divisor=32),
            dict(type='RandomFlip_clips'),
            dict(
                type='Normalize_clips',
                mean=[123.675, 116.28, 103.53],
                std=[58.395, 57.12, 57.375],
                to_rgb=True),
            dict(type='ImageToTensor_clips', keys=['img']),
            dict(type='Collect', keys=['img'])
        ])
]
data = dict(
    samples_per_gpu=1,
    workers_per_gpu=4,
    train=dict(
        type='RepeatDataset',
        times=50,
        dataset=dict(
            type='VSPWDataset2',
            data_root='data/vspw/VSPW_480p',
            img_dir='images/training',
            ann_dir='annotations/training',
            split='train',
            pipeline=[
                dict(type='LoadImageFromFile'),
                dict(type='LoadAnnotations', reduce_zero_label=True),
                dict(
                    type='Resize',
                    img_scale=(853, 480),
                    ratio_range=(0.5, 2.0),
                    process_clips=True),
                dict(
                    type='RandomCrop_clips',
                    crop_size=(480, 480),
                    cat_max_ratio=0.75),
                dict(type='RandomFlip_clips', prob=0.5),
                dict(type='PhotoMetricDistortion_clips'),
                dict(
                    type='Normalize_clips',
                    mean=[123.675, 116.28, 103.53],
                    std=[58.395, 57.12, 57.375],
                    to_rgb=True),
                dict(
                    type='Pad_clips',
                    size=(480, 480),
                    pad_val=0,
                    seg_pad_val=255),
                dict(type='DefaultFormatBundle_clips'),
                dict(type='Collect', keys=['img', 'gt_semantic_seg'])
            ],
            dilation=[-9, -6, -3])),
    val=dict(
        type='VSPWDataset2',
        data_root='data/vspw/VSPW_480p',
        img_dir='images/validation',
        ann_dir='annotations/validation',
        split='val',
        pipeline=[
            dict(type='LoadImageFromFile'),
            dict(
                type='MultiScaleFlipAug',
                img_scale=(853, 480),
                flip=False,
                transforms=[
                    dict(
                        type='AlignedResize_clips',
                        keep_ratio=True,
                        size_divisor=32),
                    dict(type='RandomFlip_clips'),
                    dict(
                        type='Normalize_clips',
                        mean=[123.675, 116.28, 103.53],
                        std=[58.395, 57.12, 57.375],
                        to_rgb=True),
                    dict(type='ImageToTensor_clips', keys=['img']),
                    dict(type='Collect', keys=['img'])
                ])
        ],
        dilation=[-9, -6, -3]),
    test=dict(
        type='VSPWDataset2',
        data_root='data/vspw/VSPW_480p',
        img_dir='images/validation',
        ann_dir='annotations/validation',
        split='val',
        pipeline=[
            dict(type='LoadImageFromFile'),
            dict(
                type='MultiScaleFlipAug',
                img_scale=(853, 480),
                flip=False,
                transforms=[
                    dict(
                        type='AlignedResize_clips',
                        keep_ratio=True,
                        size_divisor=32),
                    dict(type='RandomFlip_clips'),
                    dict(
                        type='Normalize_clips',
                        mean=[123.675, 116.28, 103.53],
                        std=[58.395, 57.12, 57.375],
                        to_rgb=True),
                    dict(type='ImageToTensor_clips', keys=['img']),
                    dict(type='Collect', keys=['img'])
                ])
        ],
        dilation=[-9, -6, -3]))
log_config = dict(
    interval=50, hooks=[dict(type='TextLoggerHook', by_epoch=False)])
dist_params = dict(backend='nccl')
log_level = 'INFO'
load_from = None
resume_from = None
workflow = [('train', 1)]
cudnn_benchmark = True
optimizer = dict(
    type='AdamW',
    lr=1e-05,
    betas=(0.9, 0.999),
    weight_decay=0.01,
    paramwise_cfg=dict(
        custom_keys=dict(
            pos_block=dict(decay_mult=0.0),
            norm=dict(decay_mult=0.0),
            head=dict(lr_mult=10.0))))
optimizer_config = dict()
lr_config = dict(
    policy='poly',
    warmup='linear',
    warmup_iters=1500,
    warmup_ratio=1e-06,
    power=1.0,
    min_lr=0.0,
    by_epoch=False)
runner = dict(type='IterBasedRunner', max_iters=160000)
checkpoint_config = dict(by_epoch=False, interval=4000)
evaluation = dict(interval=160000, metric='mIoU')
work_dir = 'model_path/vspw2/model_save/b15'
gpu_ids = range(0, 1)

2023-07-20 04:56:22,768 - mmseg - WARNING - The model and loaded state dict do not match exactly

unexpected key in source state_dict: head.weight, head.bias

2023-07-20 04:56:22,769 - mmseg - INFO - EncoderDecoder_clips(
  (backbone): mit_b2(
    (patch_embed1): OverlapPatchEmbed(
      (proj): Conv2d(3, 64, kernel_size=(7, 7), stride=(4, 4), padding=(3, 3))
      (norm): LayerNorm((64,), eps=1e-05, elementwise_affine=True)
    )
    (patch_embed2): OverlapPatchEmbed(
      (proj): Conv2d(64, 128, kernel_size=(3, 3), stride=(2, 2), padding=(1, 1))
      (norm): LayerNorm((128,), eps=1e-05, elementwise_affine=True)
    )
    (patch_embed3): OverlapPatchEmbed(
      (proj): Conv2d(128, 320, kernel_size=(3, 3), stride=(2, 2), padding=(1, 1))
      (norm): LayerNorm((320,), eps=1e-05, elementwise_affine=True)
    )
    (patch_embed4): OverlapPatchEmbed(
      (proj): Conv2d(320, 512, kernel_size=(3, 3), stride=(2, 2), padding=(1, 1))
      (norm): LayerNorm((512,), eps=1e-05, elementwise_affine=True)
    )
    (block1): ModuleList(
      (0): Block(
        (norm1): LayerNorm((64,), eps=1e-06, elementwise_affine=True)
        (attn): Attention(
          (q): Linear(in_features=64, out_features=64, bias=True)
          (kv): Linear(in_features=64, out_features=128, bias=True)
          (attn_drop): Dropout(p=0.0, inplace=False)
          (proj): Linear(in_features=64, out_features=64, bias=True)
          (proj_drop): Dropout(p=0.0, inplace=False)
          (sr): Conv2d(64, 64, kernel_size=(8, 8), stride=(8, 8))
          (norm): LayerNorm((64,), eps=1e-05, elementwise_affine=True)
        )
        (drop_path): Identity()
        (norm2): LayerNorm((64,), eps=1e-06, elementwise_affine=True)
        (mlp): Mlp(
          (fc1): Linear(in_features=64, out_features=256, bias=True)
          (dwconv): DWConv(
            (dwconv): Conv2d(256, 256, kernel_size=(3, 3), stride=(1, 1), padding=(1, 1), groups=256)
          )
          (act): GELU()
          (fc2): Linear(in_features=256, out_features=64, bias=True)
          (drop): Dropout(p=0.0, inplace=False)
        )
      )
      (1): Block(
        (norm1): LayerNorm((64,), eps=1e-06, elementwise_affine=True)
        (attn): Attention(
          (q): Linear(in_features=64, out_features=64, bias=True)
          (kv): Linear(in_features=64, out_features=128, bias=True)
          (attn_drop): Dropout(p=0.0, inplace=False)
          (proj): Linear(in_features=64, out_features=64, bias=True)
          (proj_drop): Dropout(p=0.0, inplace=False)
          (sr): Conv2d(64, 64, kernel_size=(8, 8), stride=(8, 8))
          (norm): LayerNorm((64,), eps=1e-05, elementwise_affine=True)
        )
        (drop_path): DropPath()
        (norm2): LayerNorm((64,), eps=1e-06, elementwise_affine=True)
        (mlp): Mlp(
          (fc1): Linear(in_features=64, out_features=256, bias=True)
          (dwconv): DWConv(
            (dwconv): Conv2d(256, 256, kernel_size=(3, 3), stride=(1, 1), padding=(1, 1), groups=256)
          )
          (act): GELU()
          (fc2): Linear(in_features=256, out_features=64, bias=True)
          (drop): Dropout(p=0.0, inplace=False)
        )
      )
      (2): Block(
        (norm1): LayerNorm((64,), eps=1e-06, elementwise_affine=True)
        (attn): Attention(
          (q): Linear(in_features=64, out_features=64, bias=True)
          (kv): Linear(in_features=64, out_features=128, bias=True)
          (attn_drop): Dropout(p=0.0, inplace=False)
          (proj): Linear(in_features=64, out_features=64, bias=True)
          (proj_drop): Dropout(p=0.0, inplace=False)
          (sr): Conv2d(64, 64, kernel_size=(8, 8), stride=(8, 8))
          (norm): LayerNorm((64,), eps=1e-05, elementwise_affine=True)
        )
        (drop_path): DropPath()
        (norm2): LayerNorm((64,), eps=1e-06, elementwise_affine=True)
        (mlp): Mlp(
          (fc1): Linear(in_features=64, out_features=256, bias=True)
          (dwconv): DWConv(
            (dwconv): Conv2d(256, 256, kernel_size=(3, 3), stride=(1, 1), padding=(1, 1), groups=256)
          )
          (act): GELU()
          (fc2): Linear(in_features=256, out_features=64, bias=True)
          (drop): Dropout(p=0.0, inplace=False)
        )
      )
    )
    (norm1): LayerNorm((64,), eps=1e-06, elementwise_affine=True)
    (block2): ModuleList(
      (0): Block(
        (norm1): LayerNorm((128,), eps=1e-06, elementwise_affine=True)
        (attn): Attention(
          (q): Linear(in_features=128, out_features=128, bias=True)
          (kv): Linear(in_features=128, out_features=256, bias=True)
          (attn_drop): Dropout(p=0.0, inplace=False)
          (proj): Linear(in_features=128, out_features=128, bias=True)
          (proj_drop): Dropout(p=0.0, inplace=False)
          (sr): Conv2d(128, 128, kernel_size=(4, 4), stride=(4, 4))
          (norm): LayerNorm((128,), eps=1e-05, elementwise_affine=True)
        )
        (drop_path): DropPath()
        (norm2): LayerNorm((128,), eps=1e-06, elementwise_affine=True)
        (mlp): Mlp(
          (fc1): Linear(in_features=128, out_features=512, bias=True)
          (dwconv): DWConv(
            (dwconv): Conv2d(512, 512, kernel_size=(3, 3), stride=(1, 1), padding=(1, 1), groups=512)
          )
          (act): GELU()
          (fc2): Linear(in_features=512, out_features=128, bias=True)
          (drop): Dropout(p=0.0, inplace=False)
        )
      )
      (1): Block(
        (norm1): LayerNorm((128,), eps=1e-06, elementwise_affine=True)
        (attn): Attention(
          (q): Linear(in_features=128, out_features=128, bias=True)
          (kv): Linear(in_features=128, out_features=256, bias=True)
          (attn_drop): Dropout(p=0.0, inplace=False)
          (proj): Linear(in_features=128, out_features=128, bias=True)
          (proj_drop): Dropout(p=0.0, inplace=False)
          (sr): Conv2d(128, 128, kernel_size=(4, 4), stride=(4, 4))
          (norm): LayerNorm((128,), eps=1e-05, elementwise_affine=True)
        )
        (drop_path): DropPath()
        (norm2): LayerNorm((128,), eps=1e-06, elementwise_affine=True)
        (mlp): Mlp(
          (fc1): Linear(in_features=128, out_features=512, bias=True)
          (dwconv): DWConv(
            (dwconv): Conv2d(512, 512, kernel_size=(3, 3), stride=(1, 1), padding=(1, 1), groups=512)
          )
          (act): GELU()
          (fc2): Linear(in_features=512, out_features=128, bias=True)
          (drop): Dropout(p=0.0, inplace=False)
        )
      )
      (2): Block(
        (norm1): LayerNorm((128,), eps=1e-06, elementwise_affine=True)
        (attn): Attention(
          (q): Linear(in_features=128, out_features=128, bias=True)
          (kv): Linear(in_features=128, out_features=256, bias=True)
          (attn_drop): Dropout(p=0.0, inplace=False)
          (proj): Linear(in_features=128, out_features=128, bias=True)
          (proj_drop): Dropout(p=0.0, inplace=False)
          (sr): Conv2d(128, 128, kernel_size=(4, 4), stride=(4, 4))
          (norm): LayerNorm((128,), eps=1e-05, elementwise_affine=True)
        )
        (drop_path): DropPath()
        (norm2): LayerNorm((128,), eps=1e-06, elementwise_affine=True)
        (mlp): Mlp(
          (fc1): Linear(in_features=128, out_features=512, bias=True)
          (dwconv): DWConv(
            (dwconv): Conv2d(512, 512, kernel_size=(3, 3), stride=(1, 1), padding=(1, 1), groups=512)
          )
          (act): GELU()
          (fc2): Linear(in_features=512, out_features=128, bias=True)
          (drop): Dropout(p=0.0, inplace=False)
        )
      )
      (3): Block(
        (norm1): LayerNorm((128,), eps=1e-06, elementwise_affine=True)
        (attn): Attention(
          (q): Linear(in_features=128, out_features=128, bias=True)
          (kv): Linear(in_features=128, out_features=256, bias=True)
          (attn_drop): Dropout(p=0.0, inplace=False)
          (proj): Linear(in_features=128, out_features=128, bias=True)
          (proj_drop): Dropout(p=0.0, inplace=False)
          (sr): Conv2d(128, 128, kernel_size=(4, 4), stride=(4, 4))
          (norm): LayerNorm((128,), eps=1e-05, elementwise_affine=True)
        )
        (drop_path): DropPath()
        (norm2): LayerNorm((128,), eps=1e-06, elementwise_affine=True)
        (mlp): Mlp(
          (fc1): Linear(in_features=128, out_features=512, bias=True)
          (dwconv): DWConv(
            (dwconv): Conv2d(512, 512, kernel_size=(3, 3), stride=(1, 1), padding=(1, 1), groups=512)
          )
          (act): GELU()
          (fc2): Linear(in_features=512, out_features=128, bias=True)
          (drop): Dropout(p=0.0, inplace=False)
        )
      )
    )
    (norm2): LayerNorm((128,), eps=1e-06, elementwise_affine=True)
    (block3): ModuleList(
      (0): Block(
        (norm1): LayerNorm((320,), eps=1e-06, elementwise_affine=True)
        (attn): Attention(
          (q): Linear(in_features=320, out_features=320, bias=True)
          (kv): Linear(in_features=320, out_features=640, bias=True)
          (attn_drop): Dropout(p=0.0, inplace=False)
          (proj): Linear(in_features=320, out_features=320, bias=True)
          (proj_drop): Dropout(p=0.0, inplace=False)
          (sr): Conv2d(320, 320, kernel_size=(2, 2), stride=(2, 2))
          (norm): LayerNorm((320,), eps=1e-05, elementwise_affine=True)
        )
        (drop_path): DropPath()
        (norm2): LayerNorm((320,), eps=1e-06, elementwise_affine=True)
        (mlp): Mlp(
          (fc1): Linear(in_features=320, out_features=1280, bias=True)
          (dwconv): DWConv(
            (dwconv): Conv2d(1280, 1280, kernel_size=(3, 3), stride=(1, 1), padding=(1, 1), groups=1280)
          )
          (act): GELU()
          (fc2): Linear(in_features=1280, out_features=320, bias=True)
          (drop): Dropout(p=0.0, inplace=False)
        )
      )
      (1): Block(
        (norm1): LayerNorm((320,), eps=1e-06, elementwise_affine=True)
        (attn): Attention(
          (q): Linear(in_features=320, out_features=320, bias=True)
          (kv): Linear(in_features=320, out_features=640, bias=True)
          (attn_drop): Dropout(p=0.0, inplace=False)
          (proj): Linear(in_features=320, out_features=320, bias=True)
          (proj_drop): Dropout(p=0.0, inplace=False)
          (sr): Conv2d(320, 320, kernel_size=(2, 2), stride=(2, 2))
          (norm): LayerNorm((320,), eps=1e-05, elementwise_affine=True)
        )
        (drop_path): DropPath()
        (norm2): LayerNorm((320,), eps=1e-06, elementwise_affine=True)
        (mlp): Mlp(
          (fc1): Linear(in_features=320, out_features=1280, bias=True)
          (dwconv): DWConv(
            (dwconv): Conv2d(1280, 1280, kernel_size=(3, 3), stride=(1, 1), padding=(1, 1), groups=1280)
          )
          (act): GELU()
          (fc2): Linear(in_features=1280, out_features=320, bias=True)
          (drop): Dropout(p=0.0, inplace=False)
        )
      )
      (2): Block(
        (norm1): LayerNorm((320,), eps=1e-06, elementwise_affine=True)
        (attn): Attention(
          (q): Linear(in_features=320, out_features=320, bias=True)
          (kv): Linear(in_features=320, out_features=640, bias=True)
          (attn_drop): Dropout(p=0.0, inplace=False)
          (proj): Linear(in_features=320, out_features=320, bias=True)
          (proj_drop): Dropout(p=0.0, inplace=False)
          (sr): Conv2d(320, 320, kernel_size=(2, 2), stride=(2, 2))
          (norm): LayerNorm((320,), eps=1e-05, elementwise_affine=True)
        )
        (drop_path): DropPath()
        (norm2): LayerNorm((320,), eps=1e-06, elementwise_affine=True)
        (mlp): Mlp(
          (fc1): Linear(in_features=320, out_features=1280, bias=True)
          (dwconv): DWConv(
            (dwconv): Conv2d(1280, 1280, kernel_size=(3, 3), stride=(1, 1), padding=(1, 1), groups=1280)
          )
          (act): GELU()
          (fc2): Linear(in_features=1280, out_features=320, bias=True)
          (drop): Dropout(p=0.0, inplace=False)
        )
      )
      (3): Block(
        (norm1): LayerNorm((320,), eps=1e-06, elementwise_affine=True)
        (attn): Attention(
          (q): Linear(in_features=320, out_features=320, bias=True)
          (kv): Linear(in_features=320, out_features=640, bias=True)
          (attn_drop): Dropout(p=0.0, inplace=False)
          (proj): Linear(in_features=320, out_features=320, bias=True)
          (proj_drop): Dropout(p=0.0, inplace=False)
          (sr): Conv2d(320, 320, kernel_size=(2, 2), stride=(2, 2))
          (norm): LayerNorm((320,), eps=1e-05, elementwise_affine=True)
        )
        (drop_path): DropPath()
        (norm2): LayerNorm((320,), eps=1e-06, elementwise_affine=True)
        (mlp): Mlp(
          (fc1): Linear(in_features=320, out_features=1280, bias=True)
          (dwconv): DWConv(
            (dwconv): Conv2d(1280, 1280, kernel_size=(3, 3), stride=(1, 1), padding=(1, 1), groups=1280)
          )
          (act): GELU()
          (fc2): Linear(in_features=1280, out_features=320, bias=True)
          (drop): Dropout(p=0.0, inplace=False)
        )
      )
      (4): Block(
        (norm1): LayerNorm((320,), eps=1e-06, elementwise_affine=True)
        (attn): Attention(
          (q): Linear(in_features=320, out_features=320, bias=True)
          (kv): Linear(in_features=320, out_features=640, bias=True)
          (attn_drop): Dropout(p=0.0, inplace=False)
          (proj): Linear(in_features=320, out_features=320, bias=True)
          (proj_drop): Dropout(p=0.0, inplace=False)
          (sr): Conv2d(320, 320, kernel_size=(2, 2), stride=(2, 2))
          (norm): LayerNorm((320,), eps=1e-05, elementwise_affine=True)
        )
        (drop_path): DropPath()
        (norm2): LayerNorm((320,), eps=1e-06, elementwise_affine=True)
        (mlp): Mlp(
          (fc1): Linear(in_features=320, out_features=1280, bias=True)
          (dwconv): DWConv(
            (dwconv): Conv2d(1280, 1280, kernel_size=(3, 3), stride=(1, 1), padding=(1, 1), groups=1280)
          )
          (act): GELU()
          (fc2): Linear(in_features=1280, out_features=320, bias=True)
          (drop): Dropout(p=0.0, inplace=False)
        )
      )
      (5): Block(
        (norm1): LayerNorm((320,), eps=1e-06, elementwise_affine=True)
        (attn): Attention(
          (q): Linear(in_features=320, out_features=320, bias=True)
          (kv): Linear(in_features=320, out_features=640, bias=True)
          (attn_drop): Dropout(p=0.0, inplace=False)
          (proj): Linear(in_features=320, out_features=320, bias=True)
          (proj_drop): Dropout(p=0.0, inplace=False)
          (sr): Conv2d(320, 320, kernel_size=(2, 2), stride=(2, 2))
          (norm): LayerNorm((320,), eps=1e-05, elementwise_affine=True)
        )
        (drop_path): DropPath()
        (norm2): LayerNorm((320,), eps=1e-06, elementwise_affine=True)
        (mlp): Mlp(
          (fc1): Linear(in_features=320, out_features=1280, bias=True)
          (dwconv): DWConv(
            (dwconv): Conv2d(1280, 1280, kernel_size=(3, 3), stride=(1, 1), padding=(1, 1), groups=1280)
          )
          (act): GELU()
          (fc2): Linear(in_features=1280, out_features=320, bias=True)
          (drop): Dropout(p=0.0, inplace=False)
        )
      )
    )
    (norm3): LayerNorm((320,), eps=1e-06, elementwise_affine=True)
    (block4): ModuleList(
      (0): Block(
        (norm1): LayerNorm((512,), eps=1e-06, elementwise_affine=True)
        (attn): Attention(
          (q): Linear(in_features=512, out_features=512, bias=True)
          (kv): Linear(in_features=512, out_features=1024, bias=True)
          (attn_drop): Dropout(p=0.0, inplace=False)
          (proj): Linear(in_features=512, out_features=512, bias=True)
          (proj_drop): Dropout(p=0.0, inplace=False)
        )
        (drop_path): DropPath()
        (norm2): LayerNorm((512,), eps=1e-06, elementwise_affine=True)
        (mlp): Mlp(
          (fc1): Linear(in_features=512, out_features=2048, bias=True)
          (dwconv): DWConv(
            (dwconv): Conv2d(2048, 2048, kernel_size=(3, 3), stride=(1, 1), padding=(1, 1), groups=2048)
          )
          (act): GELU()
          (fc2): Linear(in_features=2048, out_features=512, bias=True)
          (drop): Dropout(p=0.0, inplace=False)
        )
      )
      (1): Block(
        (norm1): LayerNorm((512,), eps=1e-06, elementwise_affine=True)
        (attn): Attention(
          (q): Linear(in_features=512, out_features=512, bias=True)
          (kv): Linear(in_features=512, out_features=1024, bias=True)
          (attn_drop): Dropout(p=0.0, inplace=False)
          (proj): Linear(in_features=512, out_features=512, bias=True)
          (proj_drop): Dropout(p=0.0, inplace=False)
        )
        (drop_path): DropPath()
        (norm2): LayerNorm((512,), eps=1e-06, elementwise_affine=True)
        (mlp): Mlp(
          (fc1): Linear(in_features=512, out_features=2048, bias=True)
          (dwconv): DWConv(
            (dwconv): Conv2d(2048, 2048, kernel_size=(3, 3), stride=(1, 1), padding=(1, 1), groups=2048)
          )
          (act): GELU()
          (fc2): Linear(in_features=2048, out_features=512, bias=True)
          (drop): Dropout(p=0.0, inplace=False)
        )
      )
      (2): Block(
        (norm1): LayerNorm((512,), eps=1e-06, elementwise_affine=True)
        (attn): Attention(
          (q): Linear(in_features=512, out_features=512, bias=True)
          (kv): Linear(in_features=512, out_features=1024, bias=True)
          (attn_drop): Dropout(p=0.0, inplace=False)
          (proj): Linear(in_features=512, out_features=512, bias=True)
          (proj_drop): Dropout(p=0.0, inplace=False)
        )
        (drop_path): DropPath()
        (norm2): LayerNorm((512,), eps=1e-06, elementwise_affine=True)
        (mlp): Mlp(
          (fc1): Linear(in_features=512, out_features=2048, bias=True)
          (dwconv): DWConv(
            (dwconv): Conv2d(2048, 2048, kernel_size=(3, 3), stride=(1, 1), padding=(1, 1), groups=2048)
          )
          (act): GELU()
          (fc2): Linear(in_features=2048, out_features=512, bias=True)
          (drop): Dropout(p=0.0, inplace=False)
        )
      )
    )
    (norm4): LayerNorm((512,), eps=1e-06, elementwise_affine=True)
  )
  (decode_head): SegFormerHead_clips(
    input_transform=multiple_select, ignore_index=255, align_corners=False
    (loss_decode): CrossEntropyLoss()
    (conv_seg): Conv2d(128, 124, kernel_size=(1, 1), stride=(1, 1))
    (dropout): Dropout2d(p=0.1, inplace=False)
    (net): SegFormerHead_clipsNet(
      input_transform=multiple_select, ignore_index=255, align_corners=False
      (loss_decode): CrossEntropyLoss()
      (conv_seg): Conv2d(128, 124, kernel_size=(1, 1), stride=(1, 1))
      (dropout): Dropout2d(p=0.1, inplace=False)
      (linear_c4): MLP(
        (proj): Linear(in_features=512, out_features=256, bias=True)
      )
      (linear_c3): MLP(
        (proj): Linear(in_features=320, out_features=256, bias=True)
      )
      (linear_c2): MLP(
        (proj): Linear(in_features=128, out_features=256, bias=True)
      )
      (linear_c1): MLP(
        (proj): Linear(in_features=64, out_features=256, bias=True)
      )
      (pooling_mhsa_c1): pooling_mhsa(
        (pools): ModuleList()
        (norm): LayerNorm((64,), eps=1e-05, elementwise_affine=True)
        (d_convs): ModuleList(
          (0): Conv2d(64, 64, kernel_size=(3, 3), stride=(1, 1), padding=(1, 1), groups=64)
          (1): Conv2d(64, 64, kernel_size=(3, 3), stride=(1, 1), padding=(1, 1), groups=64)
          (2): Conv2d(64, 64, kernel_size=(3, 3), stride=(1, 1), padding=(1, 1), groups=64)
          (3): Conv2d(64, 64, kernel_size=(3, 3), stride=(1, 1), padding=(1, 1), groups=64)
        )
      )
      (pooling_mhsa_c2): pooling_mhsa(
        (pools): ModuleList()
        (norm): LayerNorm((128,), eps=1e-05, elementwise_affine=True)
        (d_convs): ModuleList(
          (0): Conv2d(128, 128, kernel_size=(3, 3), stride=(1, 1), padding=(1, 1), groups=128)
          (1): Conv2d(128, 128, kernel_size=(3, 3), stride=(1, 1), padding=(1, 1), groups=128)
          (2): Conv2d(128, 128, kernel_size=(3, 3), stride=(1, 1), padding=(1, 1), groups=128)
          (3): Conv2d(128, 128, kernel_size=(3, 3), stride=(1, 1), padding=(1, 1), groups=128)
        )
      )
      (pooling_mhsa_c3): pooling_mhsa(
        (pools): ModuleList()
        (norm): LayerNorm((320,), eps=1e-05, elementwise_affine=True)
        (d_convs): ModuleList(
          (0): Conv2d(320, 320, kernel_size=(3, 3), stride=(1, 1), padding=(1, 1), groups=320)
          (1): Conv2d(320, 320, kernel_size=(3, 3), stride=(1, 1), padding=(1, 1), groups=320)
          (2): Conv2d(320, 320, kernel_size=(3, 3), stride=(1, 1), padding=(1, 1), groups=320)
          (3): Conv2d(320, 320, kernel_size=(3, 3), stride=(1, 1), padding=(1, 1), groups=320)
        )
      )
      (pooling_mhsa_c4): pooling_mhsa(
        (pools): ModuleList()
        (norm): LayerNorm((512,), eps=1e-05, elementwise_affine=True)
        (d_convs): ModuleList(
          (0): Conv2d(512, 512, kernel_size=(3, 3), stride=(1, 1), padding=(1, 1), groups=512)
          (1): Conv2d(512, 512, kernel_size=(3, 3), stride=(1, 1), padding=(1, 1), groups=512)
          (2): Conv2d(512, 512, kernel_size=(3, 3), stride=(1, 1), padding=(1, 1), groups=512)
          (3): Conv2d(512, 512, kernel_size=(3, 3), stride=(1, 1), padding=(1, 1), groups=512)
        )
      )
      (pooling_linear): Linear(in_features=1024, out_features=256, bias=True)
      (linear_fuse): ConvModule(
        (conv): Conv2d(1024, 256, kernel_size=(1, 1), stride=(1, 1), bias=False)
        (bn): SyncBatchNorm(256, eps=1e-05, momentum=0.1, affine=True, track_running_stats=True)
        (activate): ReLU(inplace=True)
      )
      (linear_pred): Conv2d(256, 124, kernel_size=(1, 1), stride=(1, 1))
      (linear1): Linear(in_features=512, out_features=512, bias=True)
      (linear2): Linear(in_features=512, out_features=512, bias=True)
      (deco1): small_decoder2(
        (smalldecoder): Sequential(
          (0): Dropout2d(p=0.1, inplace=False)
          (1): Conv2d(256, 124, kernel_size=(1, 1), stride=(1, 1))
        )
      )
      (deco2): small_decoder2(
        (smalldecoder): Sequential(
          (0): Dropout2d(p=0.1, inplace=False)
          (1): Conv2d(512, 124, kernel_size=(1, 1), stride=(1, 1))
        )
      )
      (deco3): small_decoder2(
        (smalldecoder): Sequential(
          (0): Dropout2d(p=0.1, inplace=False)
          (1): Conv2d(512, 124, kernel_size=(1, 1), stride=(1, 1))
        )
      )
      (deco4): small_decoder2(
        (smalldecoder): Sequential(
          (0): Dropout2d(p=0.1, inplace=False)
          (1): Conv2d(512, 124, kernel_size=(1, 1), stride=(1, 1))
        )
      )
      (hypercorre_module): hypercorre_topk2(
        (q1): Linear(in_features=64, out_features=64, bias=True)
        (q2): Linear(in_features=128, out_features=128, bias=True)
        (q3): Linear(in_features=320, out_features=320, bias=True)
        (q4): Linear(in_features=512, out_features=512, bias=True)
        (k1): Linear(in_features=64, out_features=64, bias=True)
        (k2): Linear(in_features=128, out_features=128, bias=True)
        (k3): Linear(in_features=320, out_features=320, bias=True)
        (k4): Linear(in_features=512, out_features=512, bias=True)
        (i4): Linear(in_features=64, out_features=64, bias=True)
        (i3): Linear(in_features=128, out_features=128, bias=True)
        (i2): Linear(in_features=320, out_features=320, bias=True)
        (i1): Linear(in_features=512, out_features=512, bias=True)
        (iv4): Linear(in_features=64, out_features=64, bias=True)
        (iv3): Linear(in_features=128, out_features=128, bias=True)
        (iv2): Linear(in_features=320, out_features=320, bias=True)
        (iv1): Linear(in_features=512, out_features=512, bias=True)
        (pooling_mhsa_fk4): pooling_mhsa(
          (pools): ModuleList()
          (norm): LayerNorm((64,), eps=1e-05, elementwise_affine=True)
          (d_convs): ModuleList(
            (0): Conv2d(64, 64, kernel_size=(3, 3), stride=(1, 1), padding=(1, 1), groups=64)
            (1): Conv2d(64, 64, kernel_size=(3, 3), stride=(1, 1), padding=(1, 1), groups=64)
            (2): Conv2d(64, 64, kernel_size=(3, 3), stride=(1, 1), padding=(1, 1), groups=64)
            (3): Conv2d(64, 64, kernel_size=(3, 3), stride=(1, 1), padding=(1, 1), groups=64)
          )
        )
        (pooling_mhsa_fk3): pooling_mhsa(
          (pools): ModuleList()
          (norm): LayerNorm((128,), eps=1e-05, elementwise_affine=True)
          (d_convs): ModuleList(
            (0): Conv2d(128, 128, kernel_size=(3, 3), stride=(1, 1), padding=(1, 1), groups=128)
            (1): Conv2d(128, 128, kernel_size=(3, 3), stride=(1, 1), padding=(1, 1), groups=128)
            (2): Conv2d(128, 128, kernel_size=(3, 3), stride=(1, 1), padding=(1, 1), groups=128)
            (3): Conv2d(128, 128, kernel_size=(3, 3), stride=(1, 1), padding=(1, 1), groups=128)
          )
        )
        (pooling_mhsa_fk2): pooling_mhsa(
          (pools): ModuleList()
          (norm): LayerNorm((320,), eps=1e-05, elementwise_affine=True)
          (d_convs): ModuleList(
            (0): Conv2d(320, 320, kernel_size=(3, 3), stride=(1, 1), padding=(1, 1), groups=320)
            (1): Conv2d(320, 320, kernel_size=(3, 3), stride=(1, 1), padding=(1, 1), groups=320)
            (2): Conv2d(320, 320, kernel_size=(3, 3), stride=(1, 1), padding=(1, 1), groups=320)
            (3): Conv2d(320, 320, kernel_size=(3, 3), stride=(1, 1), padding=(1, 1), groups=320)
          )
        )
        (pooling_mhsa_fk1): pooling_mhsa(
          (pools): ModuleList()
          (norm): LayerNorm((512,), eps=1e-05, elementwise_affine=True)
          (d_convs): ModuleList(
            (0): Conv2d(512, 512, kernel_size=(3, 3), stride=(1, 1), padding=(1, 1), groups=512)
            (1): Conv2d(512, 512, kernel_size=(3, 3), stride=(1, 1), padding=(1, 1), groups=512)
            (2): Conv2d(512, 512, kernel_size=(3, 3), stride=(1, 1), padding=(1, 1), groups=512)
            (3): Conv2d(512, 512, kernel_size=(3, 3), stride=(1, 1), padding=(1, 1), groups=512)
          )
        )
        (pooling_mhsa_sk4): pooling_mhsa(
          (pools): ModuleList()
          (norm): LayerNorm((64,), eps=1e-05, elementwise_affine=True)
          (d_convs): ModuleList(
            (0): Conv2d(64, 64, kernel_size=(3, 3), stride=(1, 1), padding=(1, 1), groups=64)
            (1): Conv2d(64, 64, kernel_size=(3, 3), stride=(1, 1), padding=(1, 1), groups=64)
            (2): Conv2d(64, 64, kernel_size=(3, 3), stride=(1, 1), padding=(1, 1), groups=64)
            (3): Conv2d(64, 64, kernel_size=(3, 3), stride=(1, 1), padding=(1, 1), groups=64)
          )
        )
        (pooling_mhsa_sk3): pooling_mhsa(
          (pools): ModuleList()
          (norm): LayerNorm((128,), eps=1e-05, elementwise_affine=True)
          (d_convs): ModuleList(
            (0): Conv2d(128, 128, kernel_size=(3, 3), stride=(1, 1), padding=(1, 1), groups=128)
            (1): Conv2d(128, 128, kernel_size=(3, 3), stride=(1, 1), padding=(1, 1), groups=128)
            (2): Conv2d(128, 128, kernel_size=(3, 3), stride=(1, 1), padding=(1, 1), groups=128)
            (3): Conv2d(128, 128, kernel_size=(3, 3), stride=(1, 1), padding=(1, 1), groups=128)
          )
        )
        (pooling_mhsa_sk2): pooling_mhsa(
          (pools): ModuleList()
          (norm): LayerNorm((320,), eps=1e-05, elementwise_affine=True)
          (d_convs): ModuleList(
            (0): Conv2d(320, 320, kernel_size=(3, 3), stride=(1, 1), padding=(1, 1), groups=320)
            (1): Conv2d(320, 320, kernel_size=(3, 3), stride=(1, 1), padding=(1, 1), groups=320)
            (2): Conv2d(320, 320, kernel_size=(3, 3), stride=(1, 1), padding=(1, 1), groups=320)
            (3): Conv2d(320, 320, kernel_size=(3, 3), stride=(1, 1), padding=(1, 1), groups=320)
          )
        )
        (pooling_mhsa_sk1): pooling_mhsa(
          (pools): ModuleList()
          (norm): LayerNorm((512,), eps=1e-05, elementwise_affine=True)
          (d_convs): ModuleList(
            (0): Conv2d(512, 512, kernel_size=(3, 3), stride=(1, 1), padding=(1, 1), groups=512)
            (1): Conv2d(512, 512, kernel_size=(3, 3), stride=(1, 1), padding=(1, 1), groups=512)
            (2): Conv2d(512, 512, kernel_size=(3, 3), stride=(1, 1), padding=(1, 1), groups=512)
            (3): Conv2d(512, 512, kernel_size=(3, 3), stride=(1, 1), padding=(1, 1), groups=512)
          )
        )
        (pooling_mhsa_f4): pooling_mhsa(
          (pools): ModuleList()
          (norm): LayerNorm((64,), eps=1e-05, elementwise_affine=True)
          (d_convs): ModuleList(
            (0): Conv2d(64, 64, kernel_size=(3, 3), stride=(1, 1), padding=(1, 1), groups=64)
            (1): Conv2d(64, 64, kernel_size=(3, 3), stride=(1, 1), padding=(1, 1), groups=64)
            (2): Conv2d(64, 64, kernel_size=(3, 3), stride=(1, 1), padding=(1, 1), groups=64)
            (3): Conv2d(64, 64, kernel_size=(3, 3), stride=(1, 1), padding=(1, 1), groups=64)
          )
        )
        (pooling_mhsa_f3): pooling_mhsa(
          (pools): ModuleList()
          (norm): LayerNorm((128,), eps=1e-05, elementwise_affine=True)
          (d_convs): ModuleList(
            (0): Conv2d(128, 128, kernel_size=(3, 3), stride=(1, 1), padding=(1, 1), groups=128)
            (1): Conv2d(128, 128, kernel_size=(3, 3), stride=(1, 1), padding=(1, 1), groups=128)
            (2): Conv2d(128, 128, kernel_size=(3, 3), stride=(1, 1), padding=(1, 1), groups=128)
            (3): Conv2d(128, 128, kernel_size=(3, 3), stride=(1, 1), padding=(1, 1), groups=128)
          )
        )
        (pooling_mhsa_f2): pooling_mhsa(
          (pools): ModuleList()
          (norm): LayerNorm((320,), eps=1e-05, elementwise_affine=True)
          (d_convs): ModuleList(
            (0): Conv2d(320, 320, kernel_size=(3, 3), stride=(1, 1), padding=(1, 1), groups=320)
            (1): Conv2d(320, 320, kernel_size=(3, 3), stride=(1, 1), padding=(1, 1), groups=320)
            (2): Conv2d(320, 320, kernel_size=(3, 3), stride=(1, 1), padding=(1, 1), groups=320)
            (3): Conv2d(320, 320, kernel_size=(3, 3), stride=(1, 1), padding=(1, 1), groups=320)
          )
        )
        (pooling_mhsa_f1): pooling_mhsa(
          (pools): ModuleList()
          (norm): LayerNorm((512,), eps=1e-05, elementwise_affine=True)
          (d_convs): ModuleList(
            (0): Conv2d(512, 512, kernel_size=(3, 3), stride=(1, 1), padding=(1, 1), groups=512)
            (1): Conv2d(512, 512, kernel_size=(3, 3), stride=(1, 1), padding=(1, 1), groups=512)
            (2): Conv2d(512, 512, kernel_size=(3, 3), stride=(1, 1), padding=(1, 1), groups=512)
            (3): Conv2d(512, 512, kernel_size=(3, 3), stride=(1, 1), padding=(1, 1), groups=512)
          )
        )
        (f4): Linear(in_features=64, out_features=64, bias=True)
        (f3): Linear(in_features=128, out_features=128, bias=True)
        (f2): Linear(in_features=320, out_features=320, bias=True)
        (f1): Linear(in_features=512, out_features=512, bias=True)
        (v4): Linear(in_features=64, out_features=64, bias=True)
        (v3): Linear(in_features=128, out_features=128, bias=True)
        (v2): Linear(in_features=320, out_features=320, bias=True)
        (v1): Linear(in_features=512, out_features=512, bias=True)
        (fs4): Linear(in_features=64, out_features=64, bias=True)
        (fs3): Linear(in_features=128, out_features=128, bias=True)
        (fs2): Linear(in_features=320, out_features=320, bias=True)
        (fs1): Linear(in_features=512, out_features=512, bias=True)
        (vs4): Linear(in_features=64, out_features=64, bias=True)
        (vs3): Linear(in_features=128, out_features=128, bias=True)
        (vs2): Linear(in_features=320, out_features=320, bias=True)
        (vs1): Linear(in_features=512, out_features=512, bias=True)
        (pk4): Linear(in_features=64, out_features=64, bias=True)
        (pk3): Linear(in_features=128, out_features=128, bias=True)
        (pk2): Linear(in_features=320, out_features=320, bias=True)
        (pk1): Linear(in_features=512, out_features=512, bias=True)
        (f4p): Linear(in_features=64, out_features=64, bias=True)
        (f3p): Linear(in_features=128, out_features=128, bias=True)
        (f2p): Linear(in_features=320, out_features=320, bias=True)
        (f1p): Linear(in_features=512, out_features=512, bias=True)
        (pooling_proj_linear): Linear(in_features=1024, out_features=256, bias=True)
        (pooling_proj_linear_1): Linear(in_features=1024, out_features=256, bias=True)
        (pooling_proj_linear_2): Linear(in_features=1024, out_features=256, bias=True)
        (pooling_proj_linear_3): Linear(in_features=1024, out_features=256, bias=True)
        (hpn): HPNLearner_topk2(
          (encoder_layer4): Sequential(
            (0): CenterPivotConv4d_half(
              (conv2): Conv2d(1, 1, kernel_size=(3, 3), stride=(1, 1), padding=(1, 1))
            )
            (1): GroupNorm(1, 1, eps=1e-05, affine=True)
            (2): ReLU(inplace=True)
          )
          (encoder_layer3): Sequential(
            (0): CenterPivotConv4d_half(
              (conv2): Conv2d(1, 1, kernel_size=(5, 5), stride=(1, 1), padding=(2, 2))
            )
            (1): GroupNorm(1, 1, eps=1e-05, affine=True)
            (2): ReLU(inplace=True)
          )
          (encoder_layer2): Sequential(
            (0): CenterPivotConv4d_half(
              (conv2): Conv2d(1, 1, kernel_size=(5, 5), stride=(1, 1), padding=(2, 2))
            )
            (1): GroupNorm(1, 1, eps=1e-05, affine=True)
            (2): ReLU(inplace=True)
          )
          (encoder_layer4to3): Sequential(
            (0): CenterPivotConv4d_half(
              (conv2): Conv2d(1, 1, kernel_size=(3, 3), stride=(1, 1), padding=(1, 1))
            )
            (1): GroupNorm(1, 1, eps=1e-05, affine=True)
            (2): ReLU(inplace=True)
          )
          (encoder_layer3to2): Sequential(
            (0): CenterPivotConv4d_half(
              (conv2): Conv2d(1, 1, kernel_size=(3, 3), stride=(1, 1), padding=(1, 1))
            )
            (1): GroupNorm(1, 1, eps=1e-05, affine=True)
            (2): ReLU(inplace=True)
          )
        )
        (hpn1): HPNLearner_topk2(
          (encoder_layer4): Sequential(
            (0): CenterPivotConv4d_half(
              (conv2): Conv2d(1, 1, kernel_size=(3, 3), stride=(1, 1), padding=(1, 1))
            )
            (1): GroupNorm(1, 1, eps=1e-05, affine=True)
            (2): ReLU(inplace=True)
          )
          (encoder_layer3): Sequential(
            (0): CenterPivotConv4d_half(
              (conv2): Conv2d(1, 1, kernel_size=(5, 5), stride=(1, 1), padding=(2, 2))
            )
            (1): GroupNorm(1, 1, eps=1e-05, affine=True)
            (2): ReLU(inplace=True)
          )
          (encoder_layer2): Sequential(
            (0): CenterPivotConv4d_half(
              (conv2): Conv2d(1, 1, kernel_size=(5, 5), stride=(1, 1), padding=(2, 2))
            )
            (1): GroupNorm(1, 1, eps=1e-05, affine=True)
            (2): ReLU(inplace=True)
          )
          (encoder_layer4to3): Sequential(
            (0): CenterPivotConv4d_half(
              (conv2): Conv2d(1, 1, kernel_size=(3, 3), stride=(1, 1), padding=(1, 1))
            )
            (1): GroupNorm(1, 1, eps=1e-05, affine=True)
            (2): ReLU(inplace=True)
          )
          (encoder_layer3to2): Sequential(
            (0): CenterPivotConv4d_half(
              (conv2): Conv2d(1, 1, kernel_size=(3, 3), stride=(1, 1), padding=(1, 1))
            )
            (1): GroupNorm(1, 1, eps=1e-05, affine=True)
            (2): ReLU(inplace=True)
          )
        )
        (hpn2): HPNLearner_topk2(
          (encoder_layer4): Sequential(
            (0): CenterPivotConv4d_half(
              (conv2): Conv2d(1, 1, kernel_size=(3, 3), stride=(1, 1), padding=(1, 1))
            )
            (1): GroupNorm(1, 1, eps=1e-05, affine=True)
            (2): ReLU(inplace=True)
          )
          (encoder_layer3): Sequential(
            (0): CenterPivotConv4d_half(
              (conv2): Conv2d(1, 1, kernel_size=(5, 5), stride=(1, 1), padding=(2, 2))
            )
            (1): GroupNorm(1, 1, eps=1e-05, affine=True)
            (2): ReLU(inplace=True)
          )
          (encoder_layer2): Sequential(
            (0): CenterPivotConv4d_half(
              (conv2): Conv2d(1, 1, kernel_size=(5, 5), stride=(1, 1), padding=(2, 2))
            )
            (1): GroupNorm(1, 1, eps=1e-05, affine=True)
            (2): ReLU(inplace=True)
          )
          (encoder_layer4to3): Sequential(
            (0): CenterPivotConv4d_half(
              (conv2): Conv2d(1, 1, kernel_size=(3, 3), stride=(1, 1), padding=(1, 1))
            )
            (1): GroupNorm(1, 1, eps=1e-05, affine=True)
            (2): ReLU(inplace=True)
          )
          (encoder_layer3to2): Sequential(
            (0): CenterPivotConv4d_half(
              (conv2): Conv2d(1, 1, kernel_size=(3, 3), stride=(1, 1), padding=(1, 1))
            )
            (1): GroupNorm(1, 1, eps=1e-05, affine=True)
            (2): ReLU(inplace=True)
          )
        )
        (linear1): Linear(in_features=512, out_features=512, bias=True)
        (linear2): Linear(in_features=512, out_features=512, bias=True)
      )
      (refine_block): Sequential(
        (0): Conv2d(512, 512, kernel_size=(3, 3), stride=(1, 1), padding=(1, 1), bias=False)
        (1): BatchNorm2d(512, eps=1e-05, momentum=0.1, affine=False, track_running_stats=True)
        (2): ReLU()
      )
      (sr2): Conv2d(128, 128, kernel_size=(4, 4), stride=(4, 4))
      (sr3): Conv2d(320, 320, kernel_size=(2, 2), stride=(2, 2))
      (sr1_feat): Conv2d(256, 256, kernel_size=(4, 4), stride=(4, 4))
    )
    (memory): FeatureMemory(
      (linear1): Linear(in_features=512, out_features=512, bias=True)
      (linear2): Linear(in_features=512, out_features=512, bias=True)
      (linear3): Linear(in_features=512, out_features=512, bias=True)
      (initlinear): Linear(in_features=512, out_features=512, bias=True)
      (initlinear2): Linear(in_features=512, out_features=512, bias=True)
      (initlinear3): Linear(in_features=512, out_features=512, bias=True)
      (down_conv): Conv2d(1536, 512, kernel_size=(3, 3), stride=(1, 1), padding=(1, 1), bias=False)
      (down_linear): Linear(in_features=1536, out_features=512, bias=True)
    )
  )
)
2023-07-20 04:56:22,779 - mmseg - INFO - 
Number of parameters (in millions): 44.925
2023-07-20 04:56:22,780 - mmseg - INFO - 
Number of parameters (in millions): 24.196
2023-07-20 04:56:22,783 - mmseg - INFO - Number of parameters (in millions) for decoder: 20.729

flip video:  True
flip video:  True
flip video:  True
flip video:  True
flip video:  True
flip video:  True
flip video:  True
flip video:  True
2023-07-20 04:56:27,756 - mmseg - INFO - Start running, host: lixinhao@user, work_dir: /datadisk/lixinhao/vss/model_path/vspw2/model_save/b15
2023-07-20 04:56:27,756 - mmseg - INFO - workflow: [('train', 1)], max: 160000 iters
Traceback (most recent call last):
  File "./tools/train.py", line 188, in <module>
    main()
  File "./tools/train.py", line 184, in main
    meta=meta)
  File "/datadisk/lixinhao/vss/mmseg/apis/train.py", line 115, in train_segmentor
    runner.run(data_loaders, cfg.workflow)
  File "/home/lixinhao/anaconda3/envs/vss/lib/python3.7/site-packages/mmcv/runner/iter_based_runner.py", line 186, in run
    iter_runner(iter_loaders[i], **kwargs)
  File "/home/lixinhao/anaconda3/envs/vss/lib/python3.7/site-packages/mmcv/runner/iter_based_runner.py", line 108, in train
    outputs,memory = self.model.train_step(data_batch_s, self.optimizer , memory, **kwargs)
  File "/home/lixinhao/anaconda3/envs/vss/lib/python3.7/site-packages/mmcv/parallel/distributed.py", line 36, in train_step
    output = self.module.train_step(*inputs[0], **kwargs[0])
  File "/datadisk/lixinhao/vss/mmseg/models/segmentors/base.py", line 159, in train_step
    losses,memory = self(memory,**data_batch)
  File "/home/lixinhao/anaconda3/envs/vss/lib/python3.7/site-packages/torch/nn/modules/module.py", line 727, in _call_impl
    result = self.forward(*input, **kwargs)
  File "/home/lixinhao/anaconda3/envs/vss/lib/python3.7/site-packages/mmcv/runner/fp16_utils.py", line 84, in new_func
    return old_func(*args, **kwargs)
  File "/datadisk/lixinhao/vss/mmseg/models/segmentors/base.py", line 125, in forward
    return self.forward_train(memory,img, img_metas, **kwargs)
  File "/datadisk/lixinhao/vss/mmseg/models/segmentors/encoder_decoder.py", line 450, in forward_train
    gt_semantic_seg,batch_size, num_clips,memory)
  File "/datadisk/lixinhao/vss/mmseg/models/segmentors/encoder_decoder.py", line 386, in _decode_head_forward_train
    self.train_cfg,batch_size, num_clips,memory)
  File "/datadisk/lixinhao/vss/mmseg/models/decode_heads/decode_head.py", line 431, in forward_train
    seg_logits,memory = self.forward(inputs,batch_size, num_clips,memory)
  File "/datadisk/lixinhao/vss/mmseg/models/decode_heads/segformer_interval.py", line 115, in forward
    memoryFeature = self.memory(mode='init_memory',feats=inputs[-1][:num_infer,:])
  File "/home/lixinhao/anaconda3/envs/vss/lib/python3.7/site-packages/torch/nn/modules/module.py", line 727, in _call_impl
    result = self.forward(*input, **kwargs)
  File "/datadisk/lixinhao/vss/mmseg/models/decode_heads/memory.py", line 103, in forward
    return self.init_memory(feats)
  File "/datadisk/lixinhao/vss/mmseg/models/decode_heads/memory.py", line 62, in init_memory
    feats = self.handle_squeeze(feats)
  File "/datadisk/lixinhao/vss/mmseg/models/decode_heads/memory.py", line 35, in handle_squeeze
    feats = self.down_linear(feats.reshape(b,n*cx,hx,wx).permute(0,2,3,1)).permute(0,3,1,2)
  File "/home/lixinhao/anaconda3/envs/vss/lib/python3.7/site-packages/torch/nn/modules/module.py", line 727, in _call_impl
    result = self.forward(*input, **kwargs)
  File "/home/lixinhao/anaconda3/envs/vss/lib/python3.7/site-packages/torch/nn/modules/linear.py", line 93, in forward
    return F.linear(input, self.weight, self.bias)
  File "/home/lixinhao/anaconda3/envs/vss/lib/python3.7/site-packages/torch/nn/functional.py", line 1692, in linear
    output = input.matmul(weight.t())
RuntimeError: mat1 dim 1 must match mat2 dim 0
Traceback (most recent call last):
  File "./tools/train.py", line 188, in <module>
    main()
  File "./tools/train.py", line 184, in main
    meta=meta)
  File "/datadisk/lixinhao/vss/mmseg/apis/train.py", line 115, in train_segmentor
    runner.run(data_loaders, cfg.workflow)
  File "/home/lixinhao/anaconda3/envs/vss/lib/python3.7/site-packages/mmcv/runner/iter_based_runner.py", line 186, in run
    iter_runner(iter_loaders[i], **kwargs)
  File "/home/lixinhao/anaconda3/envs/vss/lib/python3.7/site-packages/mmcv/runner/iter_based_runner.py", line 108, in train
    outputs,memory = self.model.train_step(data_batch_s, self.optimizer , memory, **kwargs)
  File "/home/lixinhao/anaconda3/envs/vss/lib/python3.7/site-packages/mmcv/parallel/distributed.py", line 36, in train_step
    output = self.module.train_step(*inputs[0], **kwargs[0])
  File "/datadisk/lixinhao/vss/mmseg/models/segmentors/base.py", line 159, in train_step
    losses,memory = self(memory,**data_batch)
  File "/home/lixinhao/anaconda3/envs/vss/lib/python3.7/site-packages/torch/nn/modules/module.py", line 727, in _call_impl
    result = self.forward(*input, **kwargs)
  File "/home/lixinhao/anaconda3/envs/vss/lib/python3.7/site-packages/mmcv/runner/fp16_utils.py", line 84, in new_func
    return old_func(*args, **kwargs)
  File "/datadisk/lixinhao/vss/mmseg/models/segmentors/base.py", line 125, in forward
    return self.forward_train(memory,img, img_metas, **kwargs)
  File "/datadisk/lixinhao/vss/mmseg/models/segmentors/encoder_decoder.py", line 450, in forward_train
    gt_semantic_seg,batch_size, num_clips,memory)
  File "/datadisk/lixinhao/vss/mmseg/models/segmentors/encoder_decoder.py", line 386, in _decode_head_forward_train
    self.train_cfg,batch_size, num_clips,memory)
  File "/datadisk/lixinhao/vss/mmseg/models/decode_heads/decode_head.py", line 431, in forward_train
    seg_logits,memory = self.forward(inputs,batch_size, num_clips,memory)
  File "/datadisk/lixinhao/vss/mmseg/models/decode_heads/segformer_interval.py", line 115, in forward
    memoryFeature = self.memory(mode='init_memory',feats=inputs[-1][:num_infer,:])
  File "/home/lixinhao/anaconda3/envs/vss/lib/python3.7/site-packages/torch/nn/modules/module.py", line 727, in _call_impl
    result = self.forward(*input, **kwargs)
  File "/datadisk/lixinhao/vss/mmseg/models/decode_heads/memory.py", line 103, in forward
    return self.init_memory(feats)
  File "/datadisk/lixinhao/vss/mmseg/models/decode_heads/memory.py", line 62, in init_memory
    feats = self.handle_squeeze(feats)
  File "/datadisk/lixinhao/vss/mmseg/models/decode_heads/memory.py", line 35, in handle_squeeze
    feats = self.down_linear(feats.reshape(b,n*cx,hx,wx).permute(0,2,3,1)).permute(0,3,1,2)
  File "/home/lixinhao/anaconda3/envs/vss/lib/python3.7/site-packages/torch/nn/modules/module.py", line 727, in _call_impl
    result = self.forward(*input, **kwargs)
  File "/home/lixinhao/anaconda3/envs/vss/lib/python3.7/site-packages/torch/nn/modules/linear.py", line 93, in forward
    return F.linear(input, self.weight, self.bias)
  File "/home/lixinhao/anaconda3/envs/vss/lib/python3.7/site-packages/torch/nn/functional.py", line 1692, in linear
    output = input.matmul(weight.t())
RuntimeError: mat1 dim 1 must match mat2 dim 0
Traceback (most recent call last):
  File "./tools/train.py", line 188, in <module>
    main()
  File "./tools/train.py", line 184, in main
    meta=meta)
  File "/datadisk/lixinhao/vss/mmseg/apis/train.py", line 115, in train_segmentor
    runner.run(data_loaders, cfg.workflow)
  File "/home/lixinhao/anaconda3/envs/vss/lib/python3.7/site-packages/mmcv/runner/iter_based_runner.py", line 186, in run
    iter_runner(iter_loaders[i], **kwargs)
  File "/home/lixinhao/anaconda3/envs/vss/lib/python3.7/site-packages/mmcv/runner/iter_based_runner.py", line 108, in train
    outputs,memory = self.model.train_step(data_batch_s, self.optimizer , memory, **kwargs)
  File "/home/lixinhao/anaconda3/envs/vss/lib/python3.7/site-packages/mmcv/parallel/distributed.py", line 36, in train_step
    output = self.module.train_step(*inputs[0], **kwargs[0])
  File "/datadisk/lixinhao/vss/mmseg/models/segmentors/base.py", line 159, in train_step
    losses,memory = self(memory,**data_batch)
  File "/home/lixinhao/anaconda3/envs/vss/lib/python3.7/site-packages/torch/nn/modules/module.py", line 727, in _call_impl
    result = self.forward(*input, **kwargs)
  File "/home/lixinhao/anaconda3/envs/vss/lib/python3.7/site-packages/mmcv/runner/fp16_utils.py", line 84, in new_func
    return old_func(*args, **kwargs)
  File "/datadisk/lixinhao/vss/mmseg/models/segmentors/base.py", line 125, in forward
    return self.forward_train(memory,img, img_metas, **kwargs)
  File "/datadisk/lixinhao/vss/mmseg/models/segmentors/encoder_decoder.py", line 450, in forward_train
    gt_semantic_seg,batch_size, num_clips,memory)
  File "/datadisk/lixinhao/vss/mmseg/models/segmentors/encoder_decoder.py", line 386, in _decode_head_forward_train
    self.train_cfg,batch_size, num_clips,memory)
  File "/datadisk/lixinhao/vss/mmseg/models/decode_heads/decode_head.py", line 431, in forward_train
    seg_logits,memory = self.forward(inputs,batch_size, num_clips,memory)
  File "/datadisk/lixinhao/vss/mmseg/models/decode_heads/segformer_interval.py", line 115, in forward
    memoryFeature = self.memory(mode='init_memory',feats=inputs[-1][:num_infer,:])
  File "/home/lixinhao/anaconda3/envs/vss/lib/python3.7/site-packages/torch/nn/modules/module.py", line 727, in _call_impl
    result = self.forward(*input, **kwargs)
  File "/datadisk/lixinhao/vss/mmseg/models/decode_heads/memory.py", line 103, in forward
    return self.init_memory(feats)
  File "/datadisk/lixinhao/vss/mmseg/models/decode_heads/memory.py", line 62, in init_memory
    feats = self.handle_squeeze(feats)
  File "/datadisk/lixinhao/vss/mmseg/models/decode_heads/memory.py", line 35, in handle_squeeze
    feats = self.down_linear(feats.reshape(b,n*cx,hx,wx).permute(0,2,3,1)).permute(0,3,1,2)
  File "/home/lixinhao/anaconda3/envs/vss/lib/python3.7/site-packages/torch/nn/modules/module.py", line 727, in _call_impl
    result = self.forward(*input, **kwargs)
  File "/home/lixinhao/anaconda3/envs/vss/lib/python3.7/site-packages/torch/nn/modules/linear.py", line 93, in forward
    return F.linear(input, self.weight, self.bias)
  File "/home/lixinhao/anaconda3/envs/vss/lib/python3.7/site-packages/torch/nn/functional.py", line 1692, in linear
    output = input.matmul(weight.t())
RuntimeError: mat1 dim 1 must match mat2 dim 0
Traceback (most recent call last):
  File "./tools/train.py", line 188, in <module>
    main()
  File "./tools/train.py", line 184, in main
    meta=meta)
  File "/datadisk/lixinhao/vss/mmseg/apis/train.py", line 115, in train_segmentor
    runner.run(data_loaders, cfg.workflow)
  File "/home/lixinhao/anaconda3/envs/vss/lib/python3.7/site-packages/mmcv/runner/iter_based_runner.py", line 186, in run
    iter_runner(iter_loaders[i], **kwargs)
  File "/home/lixinhao/anaconda3/envs/vss/lib/python3.7/site-packages/mmcv/runner/iter_based_runner.py", line 108, in train
    outputs,memory = self.model.train_step(data_batch_s, self.optimizer , memory, **kwargs)
  File "/home/lixinhao/anaconda3/envs/vss/lib/python3.7/site-packages/mmcv/parallel/distributed.py", line 36, in train_step
    output = self.module.train_step(*inputs[0], **kwargs[0])
  File "/datadisk/lixinhao/vss/mmseg/models/segmentors/base.py", line 159, in train_step
    losses,memory = self(memory,**data_batch)
  File "/home/lixinhao/anaconda3/envs/vss/lib/python3.7/site-packages/torch/nn/modules/module.py", line 727, in _call_impl
    result = self.forward(*input, **kwargs)
  File "/home/lixinhao/anaconda3/envs/vss/lib/python3.7/site-packages/mmcv/runner/fp16_utils.py", line 84, in new_func
    return old_func(*args, **kwargs)
  File "/datadisk/lixinhao/vss/mmseg/models/segmentors/base.py", line 125, in forward
    return self.forward_train(memory,img, img_metas, **kwargs)
  File "/datadisk/lixinhao/vss/mmseg/models/segmentors/encoder_decoder.py", line 450, in forward_train
    gt_semantic_seg,batch_size, num_clips,memory)
  File "/datadisk/lixinhao/vss/mmseg/models/segmentors/encoder_decoder.py", line 386, in _decode_head_forward_train
    self.train_cfg,batch_size, num_clips,memory)
  File "/datadisk/lixinhao/vss/mmseg/models/decode_heads/decode_head.py", line 431, in forward_train
    seg_logits,memory = self.forward(inputs,batch_size, num_clips,memory)
  File "/datadisk/lixinhao/vss/mmseg/models/decode_heads/segformer_interval.py", line 115, in forward
    memoryFeature = self.memory(mode='init_memory',feats=inputs[-1][:num_infer,:])
  File "/home/lixinhao/anaconda3/envs/vss/lib/python3.7/site-packages/torch/nn/modules/module.py", line 727, in _call_impl
    result = self.forward(*input, **kwargs)
  File "/datadisk/lixinhao/vss/mmseg/models/decode_heads/memory.py", line 103, in forward
    return self.init_memory(feats)
  File "/datadisk/lixinhao/vss/mmseg/models/decode_heads/memory.py", line 62, in init_memory
    feats = self.handle_squeeze(feats)
  File "/datadisk/lixinhao/vss/mmseg/models/decode_heads/memory.py", line 35, in handle_squeeze
    feats = self.down_linear(feats.reshape(b,n*cx,hx,wx).permute(0,2,3,1)).permute(0,3,1,2)
  File "/home/lixinhao/anaconda3/envs/vss/lib/python3.7/site-packages/torch/nn/modules/module.py", line 727, in _call_impl
    result = self.forward(*input, **kwargs)
  File "/home/lixinhao/anaconda3/envs/vss/lib/python3.7/site-packages/torch/nn/modules/linear.py", line 93, in forward
    return F.linear(input, self.weight, self.bias)
  File "/home/lixinhao/anaconda3/envs/vss/lib/python3.7/site-packages/torch/nn/functional.py", line 1692, in linear
    output = input.matmul(weight.t())
RuntimeError: mat1 dim 1 must match mat2 dim 0
Traceback (most recent call last):
  File "/home/lixinhao/anaconda3/envs/vss/lib/python3.7/runpy.py", line 193, in _run_module_as_main
    "__main__", mod_spec)
  File "/home/lixinhao/anaconda3/envs/vss/lib/python3.7/runpy.py", line 85, in _run_code
    exec(code, run_globals)
  File "/home/lixinhao/anaconda3/envs/vss/lib/python3.7/site-packages/torch/distributed/launch.py", line 260, in <module>
    main()
  File "/home/lixinhao/anaconda3/envs/vss/lib/python3.7/site-packages/torch/distributed/launch.py", line 256, in main
    cmd=cmd)
subprocess.CalledProcessError: Command '['/home/lixinhao/anaconda3/envs/vss/bin/python', '-u', './tools/train.py', '--local_rank=3', 'local_configs/mrcfa/B2/mrcfa.b2.480x480.vspw2_hypercorr.160k.py', '--launcher', 'pytorch', '--work-dir', 'model_path/vspw2/model_save/b15']' returned non-zero exit status 1.
*****************************************
Setting OMP_NUM_THREADS environment variable for each process to be 1 in default, to avoid your system being overloaded, please further tune the variable for optimal performance in your application as needed. 
*****************************************
