nohup: ignoring input
2023-09-18 12:30:24,276 - mmseg - INFO - Environment info:
------------------------------------------------------------
sys.platform: linux
Python: 3.7.16 (default, Jan 17 2023, 22:20:44) [GCC 11.2.0]
CUDA available: True
GPU 0: NVIDIA GeForce RTX 3090
CUDA_HOME: /usr/local/cuda
NVCC: Build cuda_11.7.r11.7/compiler.31442593_0
GCC: gcc (Ubuntu 9.4.0-1ubuntu1~20.04.1) 9.4.0
PyTorch: 1.7.1
PyTorch compiling details: PyTorch built with:
  - GCC 7.3
  - C++ Version: 201402
  - Intel(R) Math Kernel Library Version 2020.0.2 Product Build 20200624 for Intel(R) 64 architecture applications
  - Intel(R) MKL-DNN v1.6.0 (Git Hash 5ef631a030a6f73131c77892041042805a06064f)
  - OpenMP 201511 (a.k.a. OpenMP 4.5)
  - NNPACK is enabled
  - CPU capability usage: AVX2
  - CUDA Runtime 11.0
  - NVCC architecture flags: -gencode;arch=compute_37,code=sm_37;-gencode;arch=compute_50,code=sm_50;-gencode;arch=compute_60,code=sm_60;-gencode;arch=compute_61,code=sm_61;-gencode;arch=compute_70,code=sm_70;-gencode;arch=compute_75,code=sm_75;-gencode;arch=compute_80,code=sm_80;-gencode;arch=compute_37,code=compute_37
  - CuDNN 8.0.5
  - Magma 2.5.2
  - Build settings: BLAS=MKL, BUILD_TYPE=Release, CXX_FLAGS= -Wno-deprecated -fvisibility-inlines-hidden -DUSE_PTHREADPOOL -fopenmp -DNDEBUG -DUSE_FBGEMM -DUSE_QNNPACK -DUSE_PYTORCH_QNNPACK -DUSE_XNNPACK -DUSE_VULKAN_WRAPPER -O2 -fPIC -Wno-narrowing -Wall -Wextra -Werror=return-type -Wno-missing-field-initializers -Wno-type-limits -Wno-array-bounds -Wno-unknown-pragmas -Wno-sign-compare -Wno-unused-parameter -Wno-unused-variable -Wno-unused-function -Wno-unused-result -Wno-unused-local-typedefs -Wno-strict-overflow -Wno-strict-aliasing -Wno-error=deprecated-declarations -Wno-stringop-overflow -Wno-psabi -Wno-error=pedantic -Wno-error=redundant-decls -Wno-error=old-style-cast -fdiagnostics-color=always -faligned-new -Wno-unused-but-set-variable -Wno-maybe-uninitialized -fno-math-errno -fno-trapping-math -Werror=format -Wno-stringop-overflow, PERF_WITH_AVX=1, PERF_WITH_AVX2=1, PERF_WITH_AVX512=1, USE_CUDA=ON, USE_EXCEPTION_PTR=1, USE_GFLAGS=OFF, USE_GLOG=OFF, USE_MKL=ON, USE_MKLDNN=ON, USE_MPI=OFF, USE_NCCL=ON, USE_NNPACK=ON, USE_OPENMP=ON, 

TorchVision: 0.8.2
OpenCV: 4.5.2
MMCV: 1.2.0
MMCV Compiler: GCC 9.4
MMCV CUDA Compiler: 11.7
MMSegmentation: 0.11.0+a293734
------------------------------------------------------------

2023-09-18 12:30:24,277 - mmseg - INFO - Distributed training: True
2023-09-18 12:30:24,516 - mmseg - INFO - Config:
norm_cfg = dict(type='SyncBN', requires_grad=True)
find_unused_parameters = True
model = dict(
    type='EncoderDecoder_clips',
    pretrained='/home/lixinhao/original/mit_b2.pth',
    backbone=dict(type='mit_b2', style='pytorch'),
    decode_head=dict(
        type='SegFormerHead_ZeroShot',
        in_channels=[64, 128, 320, 512],
        in_index=[0, 1, 2, 3],
        feature_strides=[4, 8, 16, 32],
        channels=128,
        dropout_ratio=0.1,
        num_classes=124,
        norm_cfg=dict(type='SyncBN', requires_grad=True),
        align_corners=False,
        decoder_params=dict(embed_dim=256),
        loss_decode=dict(
            type='CrossEntropyLoss', use_sigmoid=False, loss_weight=1.0),
        num_clips=4,
        hypercorre=True,
        backbone='b2'),
    train_cfg=dict(),
    test_cfg=dict(mode='whole'))
dataset_type = 'VSPWDataset3'
data_root = '/home/lixinhao/vss/data/test/vspw/VSPW_480p'
img_norm_cfg = dict(
    mean=[123.675, 116.28, 103.53], std=[58.395, 57.12, 57.375], to_rgb=True)
crop_size = (480, 480)
train_pipeline = [
    dict(type='LoadImageFromFile'),
    dict(type='LoadAnnotations', reduce_zero_label=True),
    dict(
        type='Resize',
        img_scale=(853, 480),
        ratio_range=(0.5, 2.0),
        process_clips=True),
    dict(type='RandomCrop_clips', crop_size=(480, 480), cat_max_ratio=0.75),
    dict(type='RandomFlip_clips', prob=0.5),
    dict(type='PhotoMetricDistortion_clips'),
    dict(
        type='Normalize_clips',
        mean=[123.675, 116.28, 103.53],
        std=[58.395, 57.12, 57.375],
        to_rgb=True),
    dict(type='Pad_clips', size=(480, 480), pad_val=0, seg_pad_val=255),
    dict(type='DefaultFormatBundle_clips'),
    dict(type='Collect', keys=['img', 'gt_semantic_seg'])
]
test_pipeline = [
    dict(type='LoadImageFromFile'),
    dict(
        type='MultiScaleFlipAug',
        img_scale=(853, 480),
        flip=False,
        transforms=[
            dict(type='AlignedResize_clips', keep_ratio=True, size_divisor=32),
            dict(type='RandomFlip_clips'),
            dict(
                type='Normalize_clips',
                mean=[123.675, 116.28, 103.53],
                std=[58.395, 57.12, 57.375],
                to_rgb=True),
            dict(type='ImageToTensor_clips', keys=['img']),
            dict(type='Collect', keys=['img'])
        ])
]
data = dict(
    samples_per_gpu=1,
    workers_per_gpu=4,
    train=dict(
        type='RepeatDataset',
        times=50,
        dataset=dict(
            type='VSPWDataset3',
            data_root='/home/lixinhao/vss/data/test/vspw/VSPW_480p',
            img_dir='images/training',
            ann_dir='annotations/training',
            split='train',
            pipeline=[
                dict(type='LoadImageFromFile'),
                dict(type='LoadAnnotations', reduce_zero_label=True),
                dict(
                    type='Resize',
                    img_scale=(853, 480),
                    ratio_range=(0.5, 2.0),
                    process_clips=True),
                dict(
                    type='RandomCrop_clips',
                    crop_size=(480, 480),
                    cat_max_ratio=0.75),
                dict(type='RandomFlip_clips', prob=0.5),
                dict(type='PhotoMetricDistortion_clips'),
                dict(
                    type='Normalize_clips',
                    mean=[123.675, 116.28, 103.53],
                    std=[58.395, 57.12, 57.375],
                    to_rgb=True),
                dict(
                    type='Pad_clips',
                    size=(480, 480),
                    pad_val=0,
                    seg_pad_val=255),
                dict(type='DefaultFormatBundle_clips'),
                dict(type='Collect', keys=['img', 'gt_semantic_seg'])
            ],
            dilation=[-9, -6, -3])),
    val=dict(
        type='VSPWDataset3',
        data_root='/home/lixinhao/vss/data/test/vspw/VSPW_480p',
        img_dir='images/validation',
        ann_dir='annotations/validation',
        split='val',
        pipeline=[
            dict(type='LoadImageFromFile'),
            dict(
                type='MultiScaleFlipAug',
                img_scale=(853, 480),
                flip=False,
                transforms=[
                    dict(
                        type='AlignedResize_clips',
                        keep_ratio=True,
                        size_divisor=32),
                    dict(type='RandomFlip_clips'),
                    dict(
                        type='Normalize_clips',
                        mean=[123.675, 116.28, 103.53],
                        std=[58.395, 57.12, 57.375],
                        to_rgb=True),
                    dict(type='ImageToTensor_clips', keys=['img']),
                    dict(type='Collect', keys=['img'])
                ])
        ],
        dilation=[-9, -6, -3]),
    test=dict(
        type='VSPWDataset3',
        data_root='/home/lixinhao/vss/data/test/vspw/VSPW_480p',
        img_dir='images/validation',
        ann_dir='annotations/validation',
        split='val',
        pipeline=[
            dict(type='LoadImageFromFile'),
            dict(
                type='MultiScaleFlipAug',
                img_scale=(853, 480),
                flip=False,
                transforms=[
                    dict(
                        type='AlignedResize_clips',
                        keep_ratio=True,
                        size_divisor=32),
                    dict(type='RandomFlip_clips'),
                    dict(
                        type='Normalize_clips',
                        mean=[123.675, 116.28, 103.53],
                        std=[58.395, 57.12, 57.375],
                        to_rgb=True),
                    dict(type='ImageToTensor_clips', keys=['img']),
                    dict(type='Collect', keys=['img'])
                ])
        ],
        dilation=[-9, -6, -3]))
log_config = dict(
    interval=50, hooks=[dict(type='TextLoggerHook', by_epoch=False)])
dist_params = dict(backend='nccl')
log_level = 'INFO'
load_from = None
resume_from = None
workflow = [('train', 1)]
cudnn_benchmark = True
optimizer = dict(
    type='AdamW',
    lr=0.0001,
    betas=(0.9, 0.999),
    weight_decay=0.0001,
    paramwise_cfg=dict(
        custom_keys=dict(
            pos_block=dict(decay_mult=0.0),
            norm=dict(decay_mult=0.0),
            head=dict(lr_mult=10.0))))
optimizer_config = dict()
lr_config = dict(
    policy='poly',
    warmup='linear',
    warmup_iters=1500,
    warmup_ratio=1e-06,
    power=1.0,
    min_lr=0.0,
    by_epoch=False)
runner = dict(type='IterBasedRunner', max_iters=160000)
checkpoint_config = dict(by_epoch=False, interval=4000)
evaluation = dict(interval=160000, metric='mIoU')
work_dir = 'model_path/vspw2/work_dirs_4g_b4'
gpu_ids = range(0, 1)

2023-09-18 12:30:35,109 - mmseg - WARNING - The model and loaded state dict do not match exactly

unexpected key in source state_dict: head.weight, head.bias

2023-09-18 12:30:35,111 - mmseg - INFO - EncoderDecoder_clips(
  (backbone): mit_b2(
    (patch_embed1): OverlapPatchEmbed(
      (proj): Conv2d(3, 64, kernel_size=(7, 7), stride=(4, 4), padding=(3, 3))
      (norm): LayerNorm((64,), eps=1e-05, elementwise_affine=True)
    )
    (patch_embed2): OverlapPatchEmbed(
      (proj): Conv2d(64, 128, kernel_size=(3, 3), stride=(2, 2), padding=(1, 1))
      (norm): LayerNorm((128,), eps=1e-05, elementwise_affine=True)
    )
    (patch_embed3): OverlapPatchEmbed(
      (proj): Conv2d(128, 320, kernel_size=(3, 3), stride=(2, 2), padding=(1, 1))
      (norm): LayerNorm((320,), eps=1e-05, elementwise_affine=True)
    )
    (patch_embed4): OverlapPatchEmbed(
      (proj): Conv2d(320, 512, kernel_size=(3, 3), stride=(2, 2), padding=(1, 1))
      (norm): LayerNorm((512,), eps=1e-05, elementwise_affine=True)
    )
    (block1): ModuleList(
      (0): Block(
        (norm1): LayerNorm((64,), eps=1e-06, elementwise_affine=True)
        (attn): Attention(
          (q): Linear(in_features=64, out_features=64, bias=True)
          (kv): Linear(in_features=64, out_features=128, bias=True)
          (attn_drop): Dropout(p=0.0, inplace=False)
          (proj): Linear(in_features=64, out_features=64, bias=True)
          (proj_drop): Dropout(p=0.0, inplace=False)
          (sr): Conv2d(64, 64, kernel_size=(8, 8), stride=(8, 8))
          (norm): LayerNorm((64,), eps=1e-05, elementwise_affine=True)
        )
        (drop_path): Identity()
        (norm2): LayerNorm((64,), eps=1e-06, elementwise_affine=True)
        (mlp): Mlp(
          (fc1): Linear(in_features=64, out_features=256, bias=True)
          (dwconv): DWConv(
            (dwconv): Conv2d(256, 256, kernel_size=(3, 3), stride=(1, 1), padding=(1, 1), groups=256)
          )
          (act): GELU()
          (fc2): Linear(in_features=256, out_features=64, bias=True)
          (drop): Dropout(p=0.0, inplace=False)
        )
      )
      (1): Block(
        (norm1): LayerNorm((64,), eps=1e-06, elementwise_affine=True)
        (attn): Attention(
          (q): Linear(in_features=64, out_features=64, bias=True)
          (kv): Linear(in_features=64, out_features=128, bias=True)
          (attn_drop): Dropout(p=0.0, inplace=False)
          (proj): Linear(in_features=64, out_features=64, bias=True)
          (proj_drop): Dropout(p=0.0, inplace=False)
          (sr): Conv2d(64, 64, kernel_size=(8, 8), stride=(8, 8))
          (norm): LayerNorm((64,), eps=1e-05, elementwise_affine=True)
        )
        (drop_path): DropPath()
        (norm2): LayerNorm((64,), eps=1e-06, elementwise_affine=True)
        (mlp): Mlp(
          (fc1): Linear(in_features=64, out_features=256, bias=True)
          (dwconv): DWConv(
            (dwconv): Conv2d(256, 256, kernel_size=(3, 3), stride=(1, 1), padding=(1, 1), groups=256)
          )
          (act): GELU()
          (fc2): Linear(in_features=256, out_features=64, bias=True)
          (drop): Dropout(p=0.0, inplace=False)
        )
      )
      (2): Block(
        (norm1): LayerNorm((64,), eps=1e-06, elementwise_affine=True)
        (attn): Attention(
          (q): Linear(in_features=64, out_features=64, bias=True)
          (kv): Linear(in_features=64, out_features=128, bias=True)
          (attn_drop): Dropout(p=0.0, inplace=False)
          (proj): Linear(in_features=64, out_features=64, bias=True)
          (proj_drop): Dropout(p=0.0, inplace=False)
          (sr): Conv2d(64, 64, kernel_size=(8, 8), stride=(8, 8))
          (norm): LayerNorm((64,), eps=1e-05, elementwise_affine=True)
        )
        (drop_path): DropPath()
        (norm2): LayerNorm((64,), eps=1e-06, elementwise_affine=True)
        (mlp): Mlp(
          (fc1): Linear(in_features=64, out_features=256, bias=True)
          (dwconv): DWConv(
            (dwconv): Conv2d(256, 256, kernel_size=(3, 3), stride=(1, 1), padding=(1, 1), groups=256)
          )
          (act): GELU()
          (fc2): Linear(in_features=256, out_features=64, bias=True)
          (drop): Dropout(p=0.0, inplace=False)
        )
      )
    )
    (norm1): LayerNorm((64,), eps=1e-06, elementwise_affine=True)
    (block2): ModuleList(
      (0): Block(
        (norm1): LayerNorm((128,), eps=1e-06, elementwise_affine=True)
        (attn): Attention(
          (q): Linear(in_features=128, out_features=128, bias=True)
          (kv): Linear(in_features=128, out_features=256, bias=True)
          (attn_drop): Dropout(p=0.0, inplace=False)
          (proj): Linear(in_features=128, out_features=128, bias=True)
          (proj_drop): Dropout(p=0.0, inplace=False)
          (sr): Conv2d(128, 128, kernel_size=(4, 4), stride=(4, 4))
          (norm): LayerNorm((128,), eps=1e-05, elementwise_affine=True)
        )
        (drop_path): DropPath()
        (norm2): LayerNorm((128,), eps=1e-06, elementwise_affine=True)
        (mlp): Mlp(
          (fc1): Linear(in_features=128, out_features=512, bias=True)
          (dwconv): DWConv(
            (dwconv): Conv2d(512, 512, kernel_size=(3, 3), stride=(1, 1), padding=(1, 1), groups=512)
          )
          (act): GELU()
          (fc2): Linear(in_features=512, out_features=128, bias=True)
          (drop): Dropout(p=0.0, inplace=False)
        )
      )
      (1): Block(
        (norm1): LayerNorm((128,), eps=1e-06, elementwise_affine=True)
        (attn): Attention(
          (q): Linear(in_features=128, out_features=128, bias=True)
          (kv): Linear(in_features=128, out_features=256, bias=True)
          (attn_drop): Dropout(p=0.0, inplace=False)
          (proj): Linear(in_features=128, out_features=128, bias=True)
          (proj_drop): Dropout(p=0.0, inplace=False)
          (sr): Conv2d(128, 128, kernel_size=(4, 4), stride=(4, 4))
          (norm): LayerNorm((128,), eps=1e-05, elementwise_affine=True)
        )
        (drop_path): DropPath()
        (norm2): LayerNorm((128,), eps=1e-06, elementwise_affine=True)
        (mlp): Mlp(
          (fc1): Linear(in_features=128, out_features=512, bias=True)
          (dwconv): DWConv(
            (dwconv): Conv2d(512, 512, kernel_size=(3, 3), stride=(1, 1), padding=(1, 1), groups=512)
          )
          (act): GELU()
          (fc2): Linear(in_features=512, out_features=128, bias=True)
          (drop): Dropout(p=0.0, inplace=False)
        )
      )
      (2): Block(
        (norm1): LayerNorm((128,), eps=1e-06, elementwise_affine=True)
        (attn): Attention(
          (q): Linear(in_features=128, out_features=128, bias=True)
          (kv): Linear(in_features=128, out_features=256, bias=True)
          (attn_drop): Dropout(p=0.0, inplace=False)
          (proj): Linear(in_features=128, out_features=128, bias=True)
          (proj_drop): Dropout(p=0.0, inplace=False)
          (sr): Conv2d(128, 128, kernel_size=(4, 4), stride=(4, 4))
          (norm): LayerNorm((128,), eps=1e-05, elementwise_affine=True)
        )
        (drop_path): DropPath()
        (norm2): LayerNorm((128,), eps=1e-06, elementwise_affine=True)
        (mlp): Mlp(
          (fc1): Linear(in_features=128, out_features=512, bias=True)
          (dwconv): DWConv(
            (dwconv): Conv2d(512, 512, kernel_size=(3, 3), stride=(1, 1), padding=(1, 1), groups=512)
          )
          (act): GELU()
          (fc2): Linear(in_features=512, out_features=128, bias=True)
          (drop): Dropout(p=0.0, inplace=False)
        )
      )
      (3): Block(
        (norm1): LayerNorm((128,), eps=1e-06, elementwise_affine=True)
        (attn): Attention(
          (q): Linear(in_features=128, out_features=128, bias=True)
          (kv): Linear(in_features=128, out_features=256, bias=True)
          (attn_drop): Dropout(p=0.0, inplace=False)
          (proj): Linear(in_features=128, out_features=128, bias=True)
          (proj_drop): Dropout(p=0.0, inplace=False)
          (sr): Conv2d(128, 128, kernel_size=(4, 4), stride=(4, 4))
          (norm): LayerNorm((128,), eps=1e-05, elementwise_affine=True)
        )
        (drop_path): DropPath()
        (norm2): LayerNorm((128,), eps=1e-06, elementwise_affine=True)
        (mlp): Mlp(
          (fc1): Linear(in_features=128, out_features=512, bias=True)
          (dwconv): DWConv(
            (dwconv): Conv2d(512, 512, kernel_size=(3, 3), stride=(1, 1), padding=(1, 1), groups=512)
          )
          (act): GELU()
          (fc2): Linear(in_features=512, out_features=128, bias=True)
          (drop): Dropout(p=0.0, inplace=False)
        )
      )
    )
    (norm2): LayerNorm((128,), eps=1e-06, elementwise_affine=True)
    (block3): ModuleList(
      (0): Block(
        (norm1): LayerNorm((320,), eps=1e-06, elementwise_affine=True)
        (attn): Attention(
          (q): Linear(in_features=320, out_features=320, bias=True)
          (kv): Linear(in_features=320, out_features=640, bias=True)
          (attn_drop): Dropout(p=0.0, inplace=False)
          (proj): Linear(in_features=320, out_features=320, bias=True)
          (proj_drop): Dropout(p=0.0, inplace=False)
          (sr): Conv2d(320, 320, kernel_size=(2, 2), stride=(2, 2))
          (norm): LayerNorm((320,), eps=1e-05, elementwise_affine=True)
        )
        (drop_path): DropPath()
        (norm2): LayerNorm((320,), eps=1e-06, elementwise_affine=True)
        (mlp): Mlp(
          (fc1): Linear(in_features=320, out_features=1280, bias=True)
          (dwconv): DWConv(
            (dwconv): Conv2d(1280, 1280, kernel_size=(3, 3), stride=(1, 1), padding=(1, 1), groups=1280)
          )
          (act): GELU()
          (fc2): Linear(in_features=1280, out_features=320, bias=True)
          (drop): Dropout(p=0.0, inplace=False)
        )
      )
      (1): Block(
        (norm1): LayerNorm((320,), eps=1e-06, elementwise_affine=True)
        (attn): Attention(
          (q): Linear(in_features=320, out_features=320, bias=True)
          (kv): Linear(in_features=320, out_features=640, bias=True)
          (attn_drop): Dropout(p=0.0, inplace=False)
          (proj): Linear(in_features=320, out_features=320, bias=True)
          (proj_drop): Dropout(p=0.0, inplace=False)
          (sr): Conv2d(320, 320, kernel_size=(2, 2), stride=(2, 2))
          (norm): LayerNorm((320,), eps=1e-05, elementwise_affine=True)
        )
        (drop_path): DropPath()
        (norm2): LayerNorm((320,), eps=1e-06, elementwise_affine=True)
        (mlp): Mlp(
          (fc1): Linear(in_features=320, out_features=1280, bias=True)
          (dwconv): DWConv(
            (dwconv): Conv2d(1280, 1280, kernel_size=(3, 3), stride=(1, 1), padding=(1, 1), groups=1280)
          )
          (act): GELU()
          (fc2): Linear(in_features=1280, out_features=320, bias=True)
          (drop): Dropout(p=0.0, inplace=False)
        )
      )
      (2): Block(
        (norm1): LayerNorm((320,), eps=1e-06, elementwise_affine=True)
        (attn): Attention(
          (q): Linear(in_features=320, out_features=320, bias=True)
          (kv): Linear(in_features=320, out_features=640, bias=True)
          (attn_drop): Dropout(p=0.0, inplace=False)
          (proj): Linear(in_features=320, out_features=320, bias=True)
          (proj_drop): Dropout(p=0.0, inplace=False)
          (sr): Conv2d(320, 320, kernel_size=(2, 2), stride=(2, 2))
          (norm): LayerNorm((320,), eps=1e-05, elementwise_affine=True)
        )
        (drop_path): DropPath()
        (norm2): LayerNorm((320,), eps=1e-06, elementwise_affine=True)
        (mlp): Mlp(
          (fc1): Linear(in_features=320, out_features=1280, bias=True)
          (dwconv): DWConv(
            (dwconv): Conv2d(1280, 1280, kernel_size=(3, 3), stride=(1, 1), padding=(1, 1), groups=1280)
          )
          (act): GELU()
          (fc2): Linear(in_features=1280, out_features=320, bias=True)
          (drop): Dropout(p=0.0, inplace=False)
        )
      )
      (3): Block(
        (norm1): LayerNorm((320,), eps=1e-06, elementwise_affine=True)
        (attn): Attention(
          (q): Linear(in_features=320, out_features=320, bias=True)
          (kv): Linear(in_features=320, out_features=640, bias=True)
          (attn_drop): Dropout(p=0.0, inplace=False)
          (proj): Linear(in_features=320, out_features=320, bias=True)
          (proj_drop): Dropout(p=0.0, inplace=False)
          (sr): Conv2d(320, 320, kernel_size=(2, 2), stride=(2, 2))
          (norm): LayerNorm((320,), eps=1e-05, elementwise_affine=True)
        )
        (drop_path): DropPath()
        (norm2): LayerNorm((320,), eps=1e-06, elementwise_affine=True)
        (mlp): Mlp(
          (fc1): Linear(in_features=320, out_features=1280, bias=True)
          (dwconv): DWConv(
            (dwconv): Conv2d(1280, 1280, kernel_size=(3, 3), stride=(1, 1), padding=(1, 1), groups=1280)
          )
          (act): GELU()
          (fc2): Linear(in_features=1280, out_features=320, bias=True)
          (drop): Dropout(p=0.0, inplace=False)
        )
      )
      (4): Block(
        (norm1): LayerNorm((320,), eps=1e-06, elementwise_affine=True)
        (attn): Attention(
          (q): Linear(in_features=320, out_features=320, bias=True)
          (kv): Linear(in_features=320, out_features=640, bias=True)
          (attn_drop): Dropout(p=0.0, inplace=False)
          (proj): Linear(in_features=320, out_features=320, bias=True)
          (proj_drop): Dropout(p=0.0, inplace=False)
          (sr): Conv2d(320, 320, kernel_size=(2, 2), stride=(2, 2))
          (norm): LayerNorm((320,), eps=1e-05, elementwise_affine=True)
        )
        (drop_path): DropPath()
        (norm2): LayerNorm((320,), eps=1e-06, elementwise_affine=True)
        (mlp): Mlp(
          (fc1): Linear(in_features=320, out_features=1280, bias=True)
          (dwconv): DWConv(
            (dwconv): Conv2d(1280, 1280, kernel_size=(3, 3), stride=(1, 1), padding=(1, 1), groups=1280)
          )
          (act): GELU()
          (fc2): Linear(in_features=1280, out_features=320, bias=True)
          (drop): Dropout(p=0.0, inplace=False)
        )
      )
      (5): Block(
        (norm1): LayerNorm((320,), eps=1e-06, elementwise_affine=True)
        (attn): Attention(
          (q): Linear(in_features=320, out_features=320, bias=True)
          (kv): Linear(in_features=320, out_features=640, bias=True)
          (attn_drop): Dropout(p=0.0, inplace=False)
          (proj): Linear(in_features=320, out_features=320, bias=True)
          (proj_drop): Dropout(p=0.0, inplace=False)
          (sr): Conv2d(320, 320, kernel_size=(2, 2), stride=(2, 2))
          (norm): LayerNorm((320,), eps=1e-05, elementwise_affine=True)
        )
        (drop_path): DropPath()
        (norm2): LayerNorm((320,), eps=1e-06, elementwise_affine=True)
        (mlp): Mlp(
          (fc1): Linear(in_features=320, out_features=1280, bias=True)
          (dwconv): DWConv(
            (dwconv): Conv2d(1280, 1280, kernel_size=(3, 3), stride=(1, 1), padding=(1, 1), groups=1280)
          )
          (act): GELU()
          (fc2): Linear(in_features=1280, out_features=320, bias=True)
          (drop): Dropout(p=0.0, inplace=False)
        )
      )
    )
    (norm3): LayerNorm((320,), eps=1e-06, elementwise_affine=True)
    (block4): ModuleList(
      (0): Block(
        (norm1): LayerNorm((512,), eps=1e-06, elementwise_affine=True)
        (attn): Attention(
          (q): Linear(in_features=512, out_features=512, bias=True)
          (kv): Linear(in_features=512, out_features=1024, bias=True)
          (attn_drop): Dropout(p=0.0, inplace=False)
          (proj): Linear(in_features=512, out_features=512, bias=True)
          (proj_drop): Dropout(p=0.0, inplace=False)
        )
        (drop_path): DropPath()
        (norm2): LayerNorm((512,), eps=1e-06, elementwise_affine=True)
        (mlp): Mlp(
          (fc1): Linear(in_features=512, out_features=2048, bias=True)
          (dwconv): DWConv(
            (dwconv): Conv2d(2048, 2048, kernel_size=(3, 3), stride=(1, 1), padding=(1, 1), groups=2048)
          )
          (act): GELU()
          (fc2): Linear(in_features=2048, out_features=512, bias=True)
          (drop): Dropout(p=0.0, inplace=False)
        )
      )
      (1): Block(
        (norm1): LayerNorm((512,), eps=1e-06, elementwise_affine=True)
        (attn): Attention(
          (q): Linear(in_features=512, out_features=512, bias=True)
          (kv): Linear(in_features=512, out_features=1024, bias=True)
          (attn_drop): Dropout(p=0.0, inplace=False)
          (proj): Linear(in_features=512, out_features=512, bias=True)
          (proj_drop): Dropout(p=0.0, inplace=False)
        )
        (drop_path): DropPath()
        (norm2): LayerNorm((512,), eps=1e-06, elementwise_affine=True)
        (mlp): Mlp(
          (fc1): Linear(in_features=512, out_features=2048, bias=True)
          (dwconv): DWConv(
            (dwconv): Conv2d(2048, 2048, kernel_size=(3, 3), stride=(1, 1), padding=(1, 1), groups=2048)
          )
          (act): GELU()
          (fc2): Linear(in_features=2048, out_features=512, bias=True)
          (drop): Dropout(p=0.0, inplace=False)
        )
      )
      (2): Block(
        (norm1): LayerNorm((512,), eps=1e-06, elementwise_affine=True)
        (attn): Attention(
          (q): Linear(in_features=512, out_features=512, bias=True)
          (kv): Linear(in_features=512, out_features=1024, bias=True)
          (attn_drop): Dropout(p=0.0, inplace=False)
          (proj): Linear(in_features=512, out_features=512, bias=True)
          (proj_drop): Dropout(p=0.0, inplace=False)
        )
        (drop_path): DropPath()
        (norm2): LayerNorm((512,), eps=1e-06, elementwise_affine=True)
        (mlp): Mlp(
          (fc1): Linear(in_features=512, out_features=2048, bias=True)
          (dwconv): DWConv(
            (dwconv): Conv2d(2048, 2048, kernel_size=(3, 3), stride=(1, 1), padding=(1, 1), groups=2048)
          )
          (act): GELU()
          (fc2): Linear(in_features=2048, out_features=512, bias=True)
          (drop): Dropout(p=0.0, inplace=False)
        )
      )
    )
    (norm4): LayerNorm((512,), eps=1e-06, elementwise_affine=True)
  )
  (decode_head): SegFormerHead_ZeroShot(
    input_transform=multiple_select, ignore_index=255, align_corners=False
    (loss_decode): CrossEntropyLoss()
    (conv_seg): Conv2d(128, 124, kernel_size=(1, 1), stride=(1, 1))
    (dropout): Dropout2d(p=0.1, inplace=False)
    (linear_c4): MLP(
      (proj): Linear(in_features=512, out_features=256, bias=True)
    )
    (linear_c3): MLP(
      (proj): Linear(in_features=320, out_features=256, bias=True)
    )
    (linear_c2): MLP(
      (proj): Linear(in_features=128, out_features=256, bias=True)
    )
    (linear_c1): MLP(
      (proj): Linear(in_features=64, out_features=256, bias=True)
    )
    (pooling_mhsa_c1): pooling_mhsa(
      (pools): ModuleList()
      (norm): LayerNorm((64,), eps=1e-05, elementwise_affine=True)
      (d_convs): ModuleList(
        (0): Conv2d(64, 64, kernel_size=(3, 3), stride=(1, 1), padding=(1, 1), groups=64)
        (1): Conv2d(64, 64, kernel_size=(3, 3), stride=(1, 1), padding=(1, 1), groups=64)
        (2): Conv2d(64, 64, kernel_size=(3, 3), stride=(1, 1), padding=(1, 1), groups=64)
        (3): Conv2d(64, 64, kernel_size=(3, 3), stride=(1, 1), padding=(1, 1), groups=64)
      )
    )
    (pooling_mhsa_c2): pooling_mhsa(
      (pools): ModuleList()
      (norm): LayerNorm((128,), eps=1e-05, elementwise_affine=True)
      (d_convs): ModuleList(
        (0): Conv2d(128, 128, kernel_size=(3, 3), stride=(1, 1), padding=(1, 1), groups=128)
        (1): Conv2d(128, 128, kernel_size=(3, 3), stride=(1, 1), padding=(1, 1), groups=128)
        (2): Conv2d(128, 128, kernel_size=(3, 3), stride=(1, 1), padding=(1, 1), groups=128)
        (3): Conv2d(128, 128, kernel_size=(3, 3), stride=(1, 1), padding=(1, 1), groups=128)
      )
    )
    (pooling_mhsa_c3): pooling_mhsa(
      (pools): ModuleList()
      (norm): LayerNorm((320,), eps=1e-05, elementwise_affine=True)
      (d_convs): ModuleList(
        (0): Conv2d(320, 320, kernel_size=(3, 3), stride=(1, 1), padding=(1, 1), groups=320)
        (1): Conv2d(320, 320, kernel_size=(3, 3), stride=(1, 1), padding=(1, 1), groups=320)
        (2): Conv2d(320, 320, kernel_size=(3, 3), stride=(1, 1), padding=(1, 1), groups=320)
        (3): Conv2d(320, 320, kernel_size=(3, 3), stride=(1, 1), padding=(1, 1), groups=320)
      )
    )
    (pooling_mhsa_c4): pooling_mhsa(
      (pools): ModuleList()
      (norm): LayerNorm((512,), eps=1e-05, elementwise_affine=True)
      (d_convs): ModuleList(
        (0): Conv2d(512, 512, kernel_size=(3, 3), stride=(1, 1), padding=(1, 1), groups=512)
        (1): Conv2d(512, 512, kernel_size=(3, 3), stride=(1, 1), padding=(1, 1), groups=512)
        (2): Conv2d(512, 512, kernel_size=(3, 3), stride=(1, 1), padding=(1, 1), groups=512)
        (3): Conv2d(512, 512, kernel_size=(3, 3), stride=(1, 1), padding=(1, 1), groups=512)
      )
    )
    (pooling_linear): Linear(in_features=1024, out_features=256, bias=True)
    (linear_fuse): ConvModule(
      (conv): Conv2d(1024, 256, kernel_size=(1, 1), stride=(1, 1), bias=False)
      (bn): SyncBatchNorm(256, eps=1e-05, momentum=0.1, affine=True, track_running_stats=True)
      (activate): ReLU(inplace=True)
    )
    (linear_pred): Conv2d(256, 111, kernel_size=(1, 1), stride=(1, 1))
    (deco1): small_decoder2(
      (smalldecoder): Sequential(
        (0): Dropout2d(p=0.1, inplace=False)
        (1): Conv2d(512, 124, kernel_size=(1, 1), stride=(1, 1))
      )
    )
    (deco2): small_decoder2(
      (smalldecoder): Sequential(
        (0): Dropout2d(p=0.1, inplace=False)
        (1): Conv2d(512, 124, kernel_size=(1, 1), stride=(1, 1))
      )
    )
    (deco3): small_decoder2(
      (smalldecoder): Sequential(
        (0): Dropout2d(p=0.1, inplace=False)
        (1): Conv2d(512, 124, kernel_size=(1, 1), stride=(1, 1))
      )
    )
    (deco4): small_decoder2(
      (smalldecoder): Sequential(
        (0): Dropout2d(p=0.1, inplace=False)
        (1): Conv2d(512, 124, kernel_size=(1, 1), stride=(1, 1))
      )
    )
    (hypercorre_module): hypercorre_topk2(
      (q1): Linear(in_features=64, out_features=64, bias=True)
      (q2): Linear(in_features=128, out_features=128, bias=True)
      (q3): Linear(in_features=320, out_features=320, bias=True)
      (q4): Linear(in_features=512, out_features=512, bias=True)
      (k1): Linear(in_features=64, out_features=64, bias=True)
      (k2): Linear(in_features=128, out_features=128, bias=True)
      (k3): Linear(in_features=320, out_features=320, bias=True)
      (k4): Linear(in_features=512, out_features=512, bias=True)
      (i4): Linear(in_features=64, out_features=64, bias=True)
      (i3): Linear(in_features=128, out_features=128, bias=True)
      (i2): Linear(in_features=320, out_features=320, bias=True)
      (i1): Linear(in_features=512, out_features=512, bias=True)
      (iv4): Linear(in_features=64, out_features=64, bias=True)
      (iv3): Linear(in_features=128, out_features=128, bias=True)
      (iv2): Linear(in_features=320, out_features=320, bias=True)
      (iv1): Linear(in_features=512, out_features=512, bias=True)
      (pooling_mhsa_fk4): pooling_mhsa(
        (pools): ModuleList()
        (norm): LayerNorm((64,), eps=1e-05, elementwise_affine=True)
        (d_convs): ModuleList(
          (0): Conv2d(64, 64, kernel_size=(3, 3), stride=(1, 1), padding=(1, 1), groups=64)
          (1): Conv2d(64, 64, kernel_size=(3, 3), stride=(1, 1), padding=(1, 1), groups=64)
          (2): Conv2d(64, 64, kernel_size=(3, 3), stride=(1, 1), padding=(1, 1), groups=64)
          (3): Conv2d(64, 64, kernel_size=(3, 3), stride=(1, 1), padding=(1, 1), groups=64)
        )
      )
      (pooling_mhsa_fk3): pooling_mhsa(
        (pools): ModuleList()
        (norm): LayerNorm((128,), eps=1e-05, elementwise_affine=True)
        (d_convs): ModuleList(
          (0): Conv2d(128, 128, kernel_size=(3, 3), stride=(1, 1), padding=(1, 1), groups=128)
          (1): Conv2d(128, 128, kernel_size=(3, 3), stride=(1, 1), padding=(1, 1), groups=128)
          (2): Conv2d(128, 128, kernel_size=(3, 3), stride=(1, 1), padding=(1, 1), groups=128)
          (3): Conv2d(128, 128, kernel_size=(3, 3), stride=(1, 1), padding=(1, 1), groups=128)
        )
      )
      (pooling_mhsa_fk2): pooling_mhsa(
        (pools): ModuleList()
        (norm): LayerNorm((320,), eps=1e-05, elementwise_affine=True)
        (d_convs): ModuleList(
          (0): Conv2d(320, 320, kernel_size=(3, 3), stride=(1, 1), padding=(1, 1), groups=320)
          (1): Conv2d(320, 320, kernel_size=(3, 3), stride=(1, 1), padding=(1, 1), groups=320)
          (2): Conv2d(320, 320, kernel_size=(3, 3), stride=(1, 1), padding=(1, 1), groups=320)
          (3): Conv2d(320, 320, kernel_size=(3, 3), stride=(1, 1), padding=(1, 1), groups=320)
        )
      )
      (pooling_mhsa_fk1): pooling_mhsa(
        (pools): ModuleList()
        (norm): LayerNorm((512,), eps=1e-05, elementwise_affine=True)
        (d_convs): ModuleList(
          (0): Conv2d(512, 512, kernel_size=(3, 3), stride=(1, 1), padding=(1, 1), groups=512)
          (1): Conv2d(512, 512, kernel_size=(3, 3), stride=(1, 1), padding=(1, 1), groups=512)
          (2): Conv2d(512, 512, kernel_size=(3, 3), stride=(1, 1), padding=(1, 1), groups=512)
          (3): Conv2d(512, 512, kernel_size=(3, 3), stride=(1, 1), padding=(1, 1), groups=512)
        )
      )
      (pooling_mhsa_sk4): pooling_mhsa(
        (pools): ModuleList()
        (norm): LayerNorm((64,), eps=1e-05, elementwise_affine=True)
        (d_convs): ModuleList(
          (0): Conv2d(64, 64, kernel_size=(3, 3), stride=(1, 1), padding=(1, 1), groups=64)
          (1): Conv2d(64, 64, kernel_size=(3, 3), stride=(1, 1), padding=(1, 1), groups=64)
          (2): Conv2d(64, 64, kernel_size=(3, 3), stride=(1, 1), padding=(1, 1), groups=64)
          (3): Conv2d(64, 64, kernel_size=(3, 3), stride=(1, 1), padding=(1, 1), groups=64)
        )
      )
      (pooling_mhsa_sk3): pooling_mhsa(
        (pools): ModuleList()
        (norm): LayerNorm((128,), eps=1e-05, elementwise_affine=True)
        (d_convs): ModuleList(
          (0): Conv2d(128, 128, kernel_size=(3, 3), stride=(1, 1), padding=(1, 1), groups=128)
          (1): Conv2d(128, 128, kernel_size=(3, 3), stride=(1, 1), padding=(1, 1), groups=128)
          (2): Conv2d(128, 128, kernel_size=(3, 3), stride=(1, 1), padding=(1, 1), groups=128)
          (3): Conv2d(128, 128, kernel_size=(3, 3), stride=(1, 1), padding=(1, 1), groups=128)
        )
      )
      (pooling_mhsa_sk2): pooling_mhsa(
        (pools): ModuleList()
        (norm): LayerNorm((320,), eps=1e-05, elementwise_affine=True)
        (d_convs): ModuleList(
          (0): Conv2d(320, 320, kernel_size=(3, 3), stride=(1, 1), padding=(1, 1), groups=320)
          (1): Conv2d(320, 320, kernel_size=(3, 3), stride=(1, 1), padding=(1, 1), groups=320)
          (2): Conv2d(320, 320, kernel_size=(3, 3), stride=(1, 1), padding=(1, 1), groups=320)
          (3): Conv2d(320, 320, kernel_size=(3, 3), stride=(1, 1), padding=(1, 1), groups=320)
        )
      )
      (pooling_mhsa_sk1): pooling_mhsa(
        (pools): ModuleList()
        (norm): LayerNorm((512,), eps=1e-05, elementwise_affine=True)
        (d_convs): ModuleList(
          (0): Conv2d(512, 512, kernel_size=(3, 3), stride=(1, 1), padding=(1, 1), groups=512)
          (1): Conv2d(512, 512, kernel_size=(3, 3), stride=(1, 1), padding=(1, 1), groups=512)
          (2): Conv2d(512, 512, kernel_size=(3, 3), stride=(1, 1), padding=(1, 1), groups=512)
          (3): Conv2d(512, 512, kernel_size=(3, 3), stride=(1, 1), padding=(1, 1), groups=512)
        )
      )
      (pooling_mhsa_f4): pooling_mhsa(
        (pools): ModuleList()
        (norm): LayerNorm((64,), eps=1e-05, elementwise_affine=True)
        (d_convs): ModuleList(
          (0): Conv2d(64, 64, kernel_size=(3, 3), stride=(1, 1), padding=(1, 1), groups=64)
          (1): Conv2d(64, 64, kernel_size=(3, 3), stride=(1, 1), padding=(1, 1), groups=64)
          (2): Conv2d(64, 64, kernel_size=(3, 3), stride=(1, 1), padding=(1, 1), groups=64)
          (3): Conv2d(64, 64, kernel_size=(3, 3), stride=(1, 1), padding=(1, 1), groups=64)
        )
      )
      (pooling_mhsa_f3): pooling_mhsa(
        (pools): ModuleList()
        (norm): LayerNorm((128,), eps=1e-05, elementwise_affine=True)
        (d_convs): ModuleList(
          (0): Conv2d(128, 128, kernel_size=(3, 3), stride=(1, 1), padding=(1, 1), groups=128)
          (1): Conv2d(128, 128, kernel_size=(3, 3), stride=(1, 1), padding=(1, 1), groups=128)
          (2): Conv2d(128, 128, kernel_size=(3, 3), stride=(1, 1), padding=(1, 1), groups=128)
          (3): Conv2d(128, 128, kernel_size=(3, 3), stride=(1, 1), padding=(1, 1), groups=128)
        )
      )
      (pooling_mhsa_f2): pooling_mhsa(
        (pools): ModuleList()
        (norm): LayerNorm((320,), eps=1e-05, elementwise_affine=True)
        (d_convs): ModuleList(
          (0): Conv2d(320, 320, kernel_size=(3, 3), stride=(1, 1), padding=(1, 1), groups=320)
          (1): Conv2d(320, 320, kernel_size=(3, 3), stride=(1, 1), padding=(1, 1), groups=320)
          (2): Conv2d(320, 320, kernel_size=(3, 3), stride=(1, 1), padding=(1, 1), groups=320)
          (3): Conv2d(320, 320, kernel_size=(3, 3), stride=(1, 1), padding=(1, 1), groups=320)
        )
      )
      (pooling_mhsa_f1): pooling_mhsa(
        (pools): ModuleList()
        (norm): LayerNorm((512,), eps=1e-05, elementwise_affine=True)
        (d_convs): ModuleList(
          (0): Conv2d(512, 512, kernel_size=(3, 3), stride=(1, 1), padding=(1, 1), groups=512)
          (1): Conv2d(512, 512, kernel_size=(3, 3), stride=(1, 1), padding=(1, 1), groups=512)
          (2): Conv2d(512, 512, kernel_size=(3, 3), stride=(1, 1), padding=(1, 1), groups=512)
          (3): Conv2d(512, 512, kernel_size=(3, 3), stride=(1, 1), padding=(1, 1), groups=512)
        )
      )
      (f4): Linear(in_features=64, out_features=64, bias=True)
      (f3): Linear(in_features=128, out_features=128, bias=True)
      (f2): Linear(in_features=320, out_features=320, bias=True)
      (f1): Linear(in_features=512, out_features=512, bias=True)
      (v4): Linear(in_features=64, out_features=64, bias=True)
      (v3): Linear(in_features=128, out_features=128, bias=True)
      (v2): Linear(in_features=320, out_features=320, bias=True)
      (v1): Linear(in_features=512, out_features=512, bias=True)
      (fs4): Linear(in_features=64, out_features=64, bias=True)
      (fs3): Linear(in_features=128, out_features=128, bias=True)
      (fs2): Linear(in_features=320, out_features=320, bias=True)
      (fs1): Linear(in_features=512, out_features=512, bias=True)
      (vs4): Linear(in_features=64, out_features=64, bias=True)
      (vs3): Linear(in_features=128, out_features=128, bias=True)
      (vs2): Linear(in_features=320, out_features=320, bias=True)
      (vs1): Linear(in_features=512, out_features=512, bias=True)
      (pk4): Linear(in_features=64, out_features=64, bias=True)
      (pk3): Linear(in_features=128, out_features=128, bias=True)
      (pk2): Linear(in_features=320, out_features=320, bias=True)
      (pk1): Linear(in_features=512, out_features=512, bias=True)
      (f4p): Linear(in_features=64, out_features=64, bias=True)
      (f3p): Linear(in_features=128, out_features=128, bias=True)
      (f2p): Linear(in_features=320, out_features=320, bias=True)
      (f1p): Linear(in_features=512, out_features=512, bias=True)
      (pooling_proj_linear): Linear(in_features=1024, out_features=256, bias=True)
      (pooling_proj_linear_1): Linear(in_features=1024, out_features=256, bias=True)
      (pooling_proj_linear_2): Linear(in_features=1024, out_features=256, bias=True)
      (pooling_proj_linear_3): Linear(in_features=1024, out_features=256, bias=True)
      (hpn): HPNLearner_topk2(
        (encoder_layer4): Sequential(
          (0): CenterPivotConv4d_half(
            (conv2): Conv2d(1, 1, kernel_size=(3, 3), stride=(1, 1), padding=(1, 1))
          )
          (1): GroupNorm(1, 1, eps=1e-05, affine=True)
          (2): ReLU(inplace=True)
        )
        (encoder_layer3): Sequential(
          (0): CenterPivotConv4d_half(
            (conv2): Conv2d(1, 1, kernel_size=(5, 5), stride=(1, 1), padding=(2, 2))
          )
          (1): GroupNorm(1, 1, eps=1e-05, affine=True)
          (2): ReLU(inplace=True)
        )
        (encoder_layer2): Sequential(
          (0): CenterPivotConv4d_half(
            (conv2): Conv2d(1, 1, kernel_size=(5, 5), stride=(1, 1), padding=(2, 2))
          )
          (1): GroupNorm(1, 1, eps=1e-05, affine=True)
          (2): ReLU(inplace=True)
        )
        (encoder_layer4to3): Sequential(
          (0): CenterPivotConv4d_half(
            (conv2): Conv2d(1, 1, kernel_size=(3, 3), stride=(1, 1), padding=(1, 1))
          )
          (1): GroupNorm(1, 1, eps=1e-05, affine=True)
          (2): ReLU(inplace=True)
        )
        (encoder_layer3to2): Sequential(
          (0): CenterPivotConv4d_half(
            (conv2): Conv2d(1, 1, kernel_size=(3, 3), stride=(1, 1), padding=(1, 1))
          )
          (1): GroupNorm(1, 1, eps=1e-05, affine=True)
          (2): ReLU(inplace=True)
        )
      )
      (hpn1): HPNLearner_topk2(
        (encoder_layer4): Sequential(
          (0): CenterPivotConv4d_half(
            (conv2): Conv2d(1, 1, kernel_size=(3, 3), stride=(1, 1), padding=(1, 1))
          )
          (1): GroupNorm(1, 1, eps=1e-05, affine=True)
          (2): ReLU(inplace=True)
        )
        (encoder_layer3): Sequential(
          (0): CenterPivotConv4d_half(
            (conv2): Conv2d(1, 1, kernel_size=(5, 5), stride=(1, 1), padding=(2, 2))
          )
          (1): GroupNorm(1, 1, eps=1e-05, affine=True)
          (2): ReLU(inplace=True)
        )
        (encoder_layer2): Sequential(
          (0): CenterPivotConv4d_half(
            (conv2): Conv2d(1, 1, kernel_size=(5, 5), stride=(1, 1), padding=(2, 2))
          )
          (1): GroupNorm(1, 1, eps=1e-05, affine=True)
          (2): ReLU(inplace=True)
        )
        (encoder_layer4to3): Sequential(
          (0): CenterPivotConv4d_half(
            (conv2): Conv2d(1, 1, kernel_size=(3, 3), stride=(1, 1), padding=(1, 1))
          )
          (1): GroupNorm(1, 1, eps=1e-05, affine=True)
          (2): ReLU(inplace=True)
        )
        (encoder_layer3to2): Sequential(
          (0): CenterPivotConv4d_half(
            (conv2): Conv2d(1, 1, kernel_size=(3, 3), stride=(1, 1), padding=(1, 1))
          )
          (1): GroupNorm(1, 1, eps=1e-05, affine=True)
          (2): ReLU(inplace=True)
        )
      )
      (hpn2): HPNLearner_topk2(
        (encoder_layer4): Sequential(
          (0): CenterPivotConv4d_half(
            (conv2): Conv2d(1, 1, kernel_size=(3, 3), stride=(1, 1), padding=(1, 1))
          )
          (1): GroupNorm(1, 1, eps=1e-05, affine=True)
          (2): ReLU(inplace=True)
        )
        (encoder_layer3): Sequential(
          (0): CenterPivotConv4d_half(
            (conv2): Conv2d(1, 1, kernel_size=(5, 5), stride=(1, 1), padding=(2, 2))
          )
          (1): GroupNorm(1, 1, eps=1e-05, affine=True)
          (2): ReLU(inplace=True)
        )
        (encoder_layer2): Sequential(
          (0): CenterPivotConv4d_half(
            (conv2): Conv2d(1, 1, kernel_size=(5, 5), stride=(1, 1), padding=(2, 2))
          )
          (1): GroupNorm(1, 1, eps=1e-05, affine=True)
          (2): ReLU(inplace=True)
        )
        (encoder_layer4to3): Sequential(
          (0): CenterPivotConv4d_half(
            (conv2): Conv2d(1, 1, kernel_size=(3, 3), stride=(1, 1), padding=(1, 1))
          )
          (1): GroupNorm(1, 1, eps=1e-05, affine=True)
          (2): ReLU(inplace=True)
        )
        (encoder_layer3to2): Sequential(
          (0): CenterPivotConv4d_half(
            (conv2): Conv2d(1, 1, kernel_size=(3, 3), stride=(1, 1), padding=(1, 1))
          )
          (1): GroupNorm(1, 1, eps=1e-05, affine=True)
          (2): ReLU(inplace=True)
        )
      )
      (linear1): Linear(in_features=512, out_features=512, bias=True)
      (linear2): Linear(in_features=512, out_features=512, bias=True)
    )
    (sr2): Conv2d(128, 128, kernel_size=(4, 4), stride=(4, 4))
    (sr3): Conv2d(320, 320, kernel_size=(2, 2), stride=(2, 2))
    (sr1_feat): Conv2d(256, 256, kernel_size=(4, 4), stride=(4, 4))
    (predictor): TransformerZeroshotPredictor(
      (projection_layer): Linear(in_features=256, out_features=512, bias=True)
      (clip_model): CLIP(
        (visual): VisualTransformer(
          (conv1): Conv2d(3, 768, kernel_size=(16, 16), stride=(16, 16), bias=False)
          (ln_pre): LayerNorm((768,), eps=1e-05, elementwise_affine=True)
          (transformer): Transformer(
            (resblocks): Sequential(
              (0): ResidualAttentionBlock(
                (attn): MultiheadAttention(
                  (out_proj): _LinearWithBias(in_features=768, out_features=768, bias=True)
                )
                (ln_1): LayerNorm((768,), eps=1e-05, elementwise_affine=True)
                (mlp): Sequential(
                  (c_fc): Linear(in_features=768, out_features=3072, bias=True)
                  (gelu): QuickGELU()
                  (c_proj): Linear(in_features=3072, out_features=768, bias=True)
                )
                (ln_2): LayerNorm((768,), eps=1e-05, elementwise_affine=True)
              )
              (1): ResidualAttentionBlock(
                (attn): MultiheadAttention(
                  (out_proj): _LinearWithBias(in_features=768, out_features=768, bias=True)
                )
                (ln_1): LayerNorm((768,), eps=1e-05, elementwise_affine=True)
                (mlp): Sequential(
                  (c_fc): Linear(in_features=768, out_features=3072, bias=True)
                  (gelu): QuickGELU()
                  (c_proj): Linear(in_features=3072, out_features=768, bias=True)
                )
                (ln_2): LayerNorm((768,), eps=1e-05, elementwise_affine=True)
              )
              (2): ResidualAttentionBlock(
                (attn): MultiheadAttention(
                  (out_proj): _LinearWithBias(in_features=768, out_features=768, bias=True)
                )
                (ln_1): LayerNorm((768,), eps=1e-05, elementwise_affine=True)
                (mlp): Sequential(
                  (c_fc): Linear(in_features=768, out_features=3072, bias=True)
                  (gelu): QuickGELU()
                  (c_proj): Linear(in_features=3072, out_features=768, bias=True)
                )
                (ln_2): LayerNorm((768,), eps=1e-05, elementwise_affine=True)
              )
              (3): ResidualAttentionBlock(
                (attn): MultiheadAttention(
                  (out_proj): _LinearWithBias(in_features=768, out_features=768, bias=True)
                )
                (ln_1): LayerNorm((768,), eps=1e-05, elementwise_affine=True)
                (mlp): Sequential(
                  (c_fc): Linear(in_features=768, out_features=3072, bias=True)
                  (gelu): QuickGELU()
                  (c_proj): Linear(in_features=3072, out_features=768, bias=True)
                )
                (ln_2): LayerNorm((768,), eps=1e-05, elementwise_affine=True)
              )
              (4): ResidualAttentionBlock(
                (attn): MultiheadAttention(
                  (out_proj): _LinearWithBias(in_features=768, out_features=768, bias=True)
                )
                (ln_1): LayerNorm((768,), eps=1e-05, elementwise_affine=True)
                (mlp): Sequential(
                  (c_fc): Linear(in_features=768, out_features=3072, bias=True)
                  (gelu): QuickGELU()
                  (c_proj): Linear(in_features=3072, out_features=768, bias=True)
                )
                (ln_2): LayerNorm((768,), eps=1e-05, elementwise_affine=True)
              )
              (5): ResidualAttentionBlock(
                (attn): MultiheadAttention(
                  (out_proj): _LinearWithBias(in_features=768, out_features=768, bias=True)
                )
                (ln_1): LayerNorm((768,), eps=1e-05, elementwise_affine=True)
                (mlp): Sequential(
                  (c_fc): Linear(in_features=768, out_features=3072, bias=True)
                  (gelu): QuickGELU()
                  (c_proj): Linear(in_features=3072, out_features=768, bias=True)
                )
                (ln_2): LayerNorm((768,), eps=1e-05, elementwise_affine=True)
              )
              (6): ResidualAttentionBlock(
                (attn): MultiheadAttention(
                  (out_proj): _LinearWithBias(in_features=768, out_features=768, bias=True)
                )
                (ln_1): LayerNorm((768,), eps=1e-05, elementwise_affine=True)
                (mlp): Sequential(
                  (c_fc): Linear(in_features=768, out_features=3072, bias=True)
                  (gelu): QuickGELU()
                  (c_proj): Linear(in_features=3072, out_features=768, bias=True)
                )
                (ln_2): LayerNorm((768,), eps=1e-05, elementwise_affine=True)
              )
              (7): ResidualAttentionBlock(
                (attn): MultiheadAttention(
                  (out_proj): _LinearWithBias(in_features=768, out_features=768, bias=True)
                )
                (ln_1): LayerNorm((768,), eps=1e-05, elementwise_affine=True)
                (mlp): Sequential(
                  (c_fc): Linear(in_features=768, out_features=3072, bias=True)
                  (gelu): QuickGELU()
                  (c_proj): Linear(in_features=3072, out_features=768, bias=True)
                )
                (ln_2): LayerNorm((768,), eps=1e-05, elementwise_affine=True)
              )
              (8): ResidualAttentionBlock(
                (attn): MultiheadAttention(
                  (out_proj): _LinearWithBias(in_features=768, out_features=768, bias=True)
                )
                (ln_1): LayerNorm((768,), eps=1e-05, elementwise_affine=True)
                (mlp): Sequential(
                  (c_fc): Linear(in_features=768, out_features=3072, bias=True)
                  (gelu): QuickGELU()
                  (c_proj): Linear(in_features=3072, out_features=768, bias=True)
                )
                (ln_2): LayerNorm((768,), eps=1e-05, elementwise_affine=True)
              )
              (9): ResidualAttentionBlock(
                (attn): MultiheadAttention(
                  (out_proj): _LinearWithBias(in_features=768, out_features=768, bias=True)
                )
                (ln_1): LayerNorm((768,), eps=1e-05, elementwise_affine=True)
                (mlp): Sequential(
                  (c_fc): Linear(in_features=768, out_features=3072, bias=True)
                  (gelu): QuickGELU()
                  (c_proj): Linear(in_features=3072, out_features=768, bias=True)
                )
                (ln_2): LayerNorm((768,), eps=1e-05, elementwise_affine=True)
              )
              (10): ResidualAttentionBlock(
                (attn): MultiheadAttention(
                  (out_proj): _LinearWithBias(in_features=768, out_features=768, bias=True)
                )
                (ln_1): LayerNorm((768,), eps=1e-05, elementwise_affine=True)
                (mlp): Sequential(
                  (c_fc): Linear(in_features=768, out_features=3072, bias=True)
                  (gelu): QuickGELU()
                  (c_proj): Linear(in_features=3072, out_features=768, bias=True)
                )
                (ln_2): LayerNorm((768,), eps=1e-05, elementwise_affine=True)
              )
              (11): ResidualAttentionBlock(
                (attn): MultiheadAttention(
                  (out_proj): _LinearWithBias(in_features=768, out_features=768, bias=True)
                )
                (ln_1): LayerNorm((768,), eps=1e-05, elementwise_affine=True)
                (mlp): Sequential(
                  (c_fc): Linear(in_features=768, out_features=3072, bias=True)
                  (gelu): QuickGELU()
                  (c_proj): Linear(in_features=3072, out_features=768, bias=True)
                )
                (ln_2): LayerNorm((768,), eps=1e-05, elementwise_affine=True)
              )
            )
          )
          (ln_post): LayerNorm((768,), eps=1e-05, elementwise_affine=True)
        )
        (transformer): Transformer(
          (resblocks): Sequential(
            (0): ResidualAttentionBlock(
              (attn): MultiheadAttention(
                (out_proj): _LinearWithBias(in_features=512, out_features=512, bias=True)
              )
              (ln_1): LayerNorm((512,), eps=1e-05, elementwise_affine=True)
              (mlp): Sequential(
                (c_fc): Linear(in_features=512, out_features=2048, bias=True)
                (gelu): QuickGELU()
                (c_proj): Linear(in_features=2048, out_features=512, bias=True)
              )
              (ln_2): LayerNorm((512,), eps=1e-05, elementwise_affine=True)
            )
            (1): ResidualAttentionBlock(
              (attn): MultiheadAttention(
                (out_proj): _LinearWithBias(in_features=512, out_features=512, bias=True)
              )
              (ln_1): LayerNorm((512,), eps=1e-05, elementwise_affine=True)
              (mlp): Sequential(
                (c_fc): Linear(in_features=512, out_features=2048, bias=True)
                (gelu): QuickGELU()
                (c_proj): Linear(in_features=2048, out_features=512, bias=True)
              )
              (ln_2): LayerNorm((512,), eps=1e-05, elementwise_affine=True)
            )
            (2): ResidualAttentionBlock(
              (attn): MultiheadAttention(
                (out_proj): _LinearWithBias(in_features=512, out_features=512, bias=True)
              )
              (ln_1): LayerNorm((512,), eps=1e-05, elementwise_affine=True)
              (mlp): Sequential(
                (c_fc): Linear(in_features=512, out_features=2048, bias=True)
                (gelu): QuickGELU()
                (c_proj): Linear(in_features=2048, out_features=512, bias=True)
              )
              (ln_2): LayerNorm((512,), eps=1e-05, elementwise_affine=True)
            )
            (3): ResidualAttentionBlock(
              (attn): MultiheadAttention(
                (out_proj): _LinearWithBias(in_features=512, out_features=512, bias=True)
              )
              (ln_1): LayerNorm((512,), eps=1e-05, elementwise_affine=True)
              (mlp): Sequential(
                (c_fc): Linear(in_features=512, out_features=2048, bias=True)
                (gelu): QuickGELU()
                (c_proj): Linear(in_features=2048, out_features=512, bias=True)
              )
              (ln_2): LayerNorm((512,), eps=1e-05, elementwise_affine=True)
            )
            (4): ResidualAttentionBlock(
              (attn): MultiheadAttention(
                (out_proj): _LinearWithBias(in_features=512, out_features=512, bias=True)
              )
              (ln_1): LayerNorm((512,), eps=1e-05, elementwise_affine=True)
              (mlp): Sequential(
                (c_fc): Linear(in_features=512, out_features=2048, bias=True)
                (gelu): QuickGELU()
                (c_proj): Linear(in_features=2048, out_features=512, bias=True)
              )
              (ln_2): LayerNorm((512,), eps=1e-05, elementwise_affine=True)
            )
            (5): ResidualAttentionBlock(
              (attn): MultiheadAttention(
                (out_proj): _LinearWithBias(in_features=512, out_features=512, bias=True)
              )
              (ln_1): LayerNorm((512,), eps=1e-05, elementwise_affine=True)
              (mlp): Sequential(
                (c_fc): Linear(in_features=512, out_features=2048, bias=True)
                (gelu): QuickGELU()
                (c_proj): Linear(in_features=2048, out_features=512, bias=True)
              )
              (ln_2): LayerNorm((512,), eps=1e-05, elementwise_affine=True)
            )
            (6): ResidualAttentionBlock(
              (attn): MultiheadAttention(
                (out_proj): _LinearWithBias(in_features=512, out_features=512, bias=True)
              )
              (ln_1): LayerNorm((512,), eps=1e-05, elementwise_affine=True)
              (mlp): Sequential(
                (c_fc): Linear(in_features=512, out_features=2048, bias=True)
                (gelu): QuickGELU()
                (c_proj): Linear(in_features=2048, out_features=512, bias=True)
              )
              (ln_2): LayerNorm((512,), eps=1e-05, elementwise_affine=True)
            )
            (7): ResidualAttentionBlock(
              (attn): MultiheadAttention(
                (out_proj): _LinearWithBias(in_features=512, out_features=512, bias=True)
              )
              (ln_1): LayerNorm((512,), eps=1e-05, elementwise_affine=True)
              (mlp): Sequential(
                (c_fc): Linear(in_features=512, out_features=2048, bias=True)
                (gelu): QuickGELU()
                (c_proj): Linear(in_features=2048, out_features=512, bias=True)
              )
              (ln_2): LayerNorm((512,), eps=1e-05, elementwise_affine=True)
            )
            (8): ResidualAttentionBlock(
              (attn): MultiheadAttention(
                (out_proj): _LinearWithBias(in_features=512, out_features=512, bias=True)
              )
              (ln_1): LayerNorm((512,), eps=1e-05, elementwise_affine=True)
              (mlp): Sequential(
                (c_fc): Linear(in_features=512, out_features=2048, bias=True)
                (gelu): QuickGELU()
                (c_proj): Linear(in_features=2048, out_features=512, bias=True)
              )
              (ln_2): LayerNorm((512,), eps=1e-05, elementwise_affine=True)
            )
            (9): ResidualAttentionBlock(
              (attn): MultiheadAttention(
                (out_proj): _LinearWithBias(in_features=512, out_features=512, bias=True)
              )
              (ln_1): LayerNorm((512,), eps=1e-05, elementwise_affine=True)
              (mlp): Sequential(
                (c_fc): Linear(in_features=512, out_features=2048, bias=True)
                (gelu): QuickGELU()
                (c_proj): Linear(in_features=2048, out_features=512, bias=True)
              )
              (ln_2): LayerNorm((512,), eps=1e-05, elementwise_affine=True)
            )
            (10): ResidualAttentionBlock(
              (attn): MultiheadAttention(
                (out_proj): _LinearWithBias(in_features=512, out_features=512, bias=True)
              )
              (ln_1): LayerNorm((512,), eps=1e-05, elementwise_affine=True)
              (mlp): Sequential(
                (c_fc): Linear(in_features=512, out_features=2048, bias=True)
                (gelu): QuickGELU()
                (c_proj): Linear(in_features=2048, out_features=512, bias=True)
              )
              (ln_2): LayerNorm((512,), eps=1e-05, elementwise_affine=True)
            )
            (11): ResidualAttentionBlock(
              (attn): MultiheadAttention(
                (out_proj): _LinearWithBias(in_features=512, out_features=512, bias=True)
              )
              (ln_1): LayerNorm((512,), eps=1e-05, elementwise_affine=True)
              (mlp): Sequential(
                (c_fc): Linear(in_features=512, out_features=2048, bias=True)
                (gelu): QuickGELU()
                (c_proj): Linear(in_features=2048, out_features=512, bias=True)
              )
              (ln_2): LayerNorm((512,), eps=1e-05, elementwise_affine=True)
            )
          )
        )
        (token_embedding): Embedding(49408, 512)
        (ln_final): LayerNorm((512,), eps=1e-05, elementwise_affine=True)
      )
      (pe_layer): PositionEmbeddingSine()
      (transformer): Transformer(
        (encoder): TransformerEncoder(
          (layers): ModuleList()
        )
        (decoder): TransformerDecoder(
          (layers): ModuleList(
            (0): TransformerDecoderLayer(
              (self_attn): MultiheadAttention(
                (out_proj): _LinearWithBias(in_features=256, out_features=256, bias=True)
              )
              (multihead_attn): MultiheadAttention(
                (out_proj): _LinearWithBias(in_features=256, out_features=256, bias=True)
              )
              (linear1): Linear(in_features=256, out_features=2048, bias=True)
              (dropout): Dropout(p=0.1, inplace=False)
              (linear2): Linear(in_features=2048, out_features=256, bias=True)
              (norm1): LayerNorm((256,), eps=1e-05, elementwise_affine=True)
              (norm2): LayerNorm((256,), eps=1e-05, elementwise_affine=True)
              (norm3): LayerNorm((256,), eps=1e-05, elementwise_affine=True)
              (dropout1): Dropout(p=0.1, inplace=False)
              (dropout2): Dropout(p=0.1, inplace=False)
              (dropout3): Dropout(p=0.1, inplace=False)
            )
            (1): TransformerDecoderLayer(
              (self_attn): MultiheadAttention(
                (out_proj): _LinearWithBias(in_features=256, out_features=256, bias=True)
              )
              (multihead_attn): MultiheadAttention(
                (out_proj): _LinearWithBias(in_features=256, out_features=256, bias=True)
              )
              (linear1): Linear(in_features=256, out_features=2048, bias=True)
              (dropout): Dropout(p=0.1, inplace=False)
              (linear2): Linear(in_features=2048, out_features=256, bias=True)
              (norm1): LayerNorm((256,), eps=1e-05, elementwise_affine=True)
              (norm2): LayerNorm((256,), eps=1e-05, elementwise_affine=True)
              (norm3): LayerNorm((256,), eps=1e-05, elementwise_affine=True)
              (dropout1): Dropout(p=0.1, inplace=False)
              (dropout2): Dropout(p=0.1, inplace=False)
              (dropout3): Dropout(p=0.1, inplace=False)
            )
            (2): TransformerDecoderLayer(
              (self_attn): MultiheadAttention(
                (out_proj): _LinearWithBias(in_features=256, out_features=256, bias=True)
              )
              (multihead_attn): MultiheadAttention(
                (out_proj): _LinearWithBias(in_features=256, out_features=256, bias=True)
              )
              (linear1): Linear(in_features=256, out_features=2048, bias=True)
              (dropout): Dropout(p=0.1, inplace=False)
              (linear2): Linear(in_features=2048, out_features=256, bias=True)
              (norm1): LayerNorm((256,), eps=1e-05, elementwise_affine=True)
              (norm2): LayerNorm((256,), eps=1e-05, elementwise_affine=True)
              (norm3): LayerNorm((256,), eps=1e-05, elementwise_affine=True)
              (dropout1): Dropout(p=0.1, inplace=False)
              (dropout2): Dropout(p=0.1, inplace=False)
              (dropout3): Dropout(p=0.1, inplace=False)
            )
            (3): TransformerDecoderLayer(
              (self_attn): MultiheadAttention(
                (out_proj): _LinearWithBias(in_features=256, out_features=256, bias=True)
              )
              (multihead_attn): MultiheadAttention(
                (out_proj): _LinearWithBias(in_features=256, out_features=256, bias=True)
              )
              (linear1): Linear(in_features=256, out_features=2048, bias=True)
              (dropout): Dropout(p=0.1, inplace=False)
              (linear2): Linear(in_features=2048, out_features=256, bias=True)
              (norm1): LayerNorm((256,), eps=1e-05, elementwise_affine=True)
              (norm2): LayerNorm((256,), eps=1e-05, elementwise_affine=True)
              (norm3): LayerNorm((256,), eps=1e-05, elementwise_affine=True)
              (dropout1): Dropout(p=0.1, inplace=False)
              (dropout2): Dropout(p=0.1, inplace=False)
              (dropout3): Dropout(p=0.1, inplace=False)
            )
            (4): TransformerDecoderLayer(
              (self_attn): MultiheadAttention(
                (out_proj): _LinearWithBias(in_features=256, out_features=256, bias=True)
              )
              (multihead_attn): MultiheadAttention(
                (out_proj): _LinearWithBias(in_features=256, out_features=256, bias=True)
              )
              (linear1): Linear(in_features=256, out_features=2048, bias=True)
              (dropout): Dropout(p=0.1, inplace=False)
              (linear2): Linear(in_features=2048, out_features=256, bias=True)
              (norm1): LayerNorm((256,), eps=1e-05, elementwise_affine=True)
              (norm2): LayerNorm((256,), eps=1e-05, elementwise_affine=True)
              (norm3): LayerNorm((256,), eps=1e-05, elementwise_affine=True)
              (dropout1): Dropout(p=0.1, inplace=False)
              (dropout2): Dropout(p=0.1, inplace=False)
              (dropout3): Dropout(p=0.1, inplace=False)
            )
            (5): TransformerDecoderLayer(
              (self_attn): MultiheadAttention(
                (out_proj): _LinearWithBias(in_features=256, out_features=256, bias=True)
              )
              (multihead_attn): MultiheadAttention(
                (out_proj): _LinearWithBias(in_features=256, out_features=256, bias=True)
              )
              (linear1): Linear(in_features=256, out_features=2048, bias=True)
              (dropout): Dropout(p=0.1, inplace=False)
              (linear2): Linear(in_features=2048, out_features=256, bias=True)
              (norm1): LayerNorm((256,), eps=1e-05, elementwise_affine=True)
              (norm2): LayerNorm((256,), eps=1e-05, elementwise_affine=True)
              (norm3): LayerNorm((256,), eps=1e-05, elementwise_affine=True)
              (dropout1): Dropout(p=0.1, inplace=False)
              (dropout2): Dropout(p=0.1, inplace=False)
              (dropout3): Dropout(p=0.1, inplace=False)
            )
          )
          (norm): LayerNorm((256,), eps=1e-05, elementwise_affine=True)
        )
      )
      (query_embed): Embedding(256, 256)
      (input_proj): Sequential()
      (class_embed): Linear(in_features=256, out_features=112, bias=True)
      (mask_embed): MLP(
        (layers): ModuleList(
          (0): Linear(in_features=256, out_features=256, bias=True)
          (1): Linear(in_features=256, out_features=256, bias=True)
          (2): Linear(in_features=256, out_features=256, bias=True)
        )
      )
    )
    (linearconv1): Conv2d(256, 512, kernel_size=(1, 1), stride=(1, 1))
    (pixel_decoder): BasePixelDecoder(
      (adapter_1): ConvModule(
        (conv): Conv2d(64, 256, kernel_size=(1, 1), stride=(1, 1), bias=False)
        (bn): SyncBatchNorm(256, eps=1e-05, momentum=0.1, affine=True, track_running_stats=True)
        (activate): ReLU(inplace=True)
      )
      (layer_1): ConvModule(
        (conv): Conv2d(256, 256, kernel_size=(3, 3), stride=(1, 1), padding=(1, 1), bias=False)
        (bn): SyncBatchNorm(256, eps=1e-05, momentum=0.1, affine=True, track_running_stats=True)
        (activate): ReLU(inplace=True)
      )
      (adapter_2): ConvModule(
        (conv): Conv2d(128, 256, kernel_size=(1, 1), stride=(1, 1), bias=False)
        (bn): SyncBatchNorm(256, eps=1e-05, momentum=0.1, affine=True, track_running_stats=True)
        (activate): ReLU(inplace=True)
      )
      (layer_2): ConvModule(
        (conv): Conv2d(256, 256, kernel_size=(3, 3), stride=(1, 1), padding=(1, 1), bias=False)
        (bn): SyncBatchNorm(256, eps=1e-05, momentum=0.1, affine=True, track_running_stats=True)
        (activate): ReLU(inplace=True)
      )
      (adapter_3): ConvModule(
        (conv): Conv2d(320, 256, kernel_size=(1, 1), stride=(1, 1), bias=False)
        (bn): SyncBatchNorm(256, eps=1e-05, momentum=0.1, affine=True, track_running_stats=True)
        (activate): ReLU(inplace=True)
      )
      (layer_3): ConvModule(
        (conv): Conv2d(256, 256, kernel_size=(3, 3), stride=(1, 1), padding=(1, 1), bias=False)
        (bn): SyncBatchNorm(256, eps=1e-05, momentum=0.1, affine=True, track_running_stats=True)
        (activate): ReLU(inplace=True)
      )
      (layer_4): ConvModule(
        (conv): Conv2d(512, 256, kernel_size=(3, 3), stride=(1, 1), padding=(1, 1), bias=False)
        (bn): SyncBatchNorm(256, eps=1e-05, momentum=0.1, affine=True, track_running_stats=True)
        (activate): ReLU(inplace=True)
      )
      (mask_features): Conv2d(256, 256, kernel_size=(3, 3), stride=(1, 1), padding=(1, 1))
    )
  )
)
2023-09-18 12:30:35,138 - mmseg - INFO - 
Number of parameters (in millions): 195.935
2023-09-18 12:30:35,142 - mmseg - INFO - 
Number of parameters (in millions): 24.196
2023-09-18 12:30:35,150 - mmseg - INFO - Number of parameters (in millions) for decoder: 171.739

flip video:  True
flip video:  True
2023-09-18 12:30:39,348 - mmseg - INFO - Start running, host: lixinhao@user, work_dir: /datadisk/lixinhao/vss/model_path/vspw2/work_dirs_4g_b4
2023-09-18 12:30:39,349 - mmseg - INFO - workflow: [('train', 1)], max: 160000 iters
